#
# There is insufficient memory for the Java Runtime Environment to continue.
# Native memory allocation (mmap) failed to map 356515840 bytes for G1 virtual space
# Possible reasons:
#   The system is out of physical RAM or swap space
#   The process is running with CompressedOops enabled, and the Java Heap may be blocking the growth of the native heap
# Possible solutions:
#   Reduce memory load on the system
#   Increase physical memory or swap space
#   Check if swap backing store is full
#   Decrease Java heap size (-Xmx/-Xms)
#   Decrease number of Java threads
#   Decrease Java thread stack sizes (-Xss)
#   Set larger code cache with -XX:ReservedCodeCacheSize=
#   JVM is running with Unscaled Compressed Oops mode in which the Java heap is
#     placed in the first 4GB address space. The Java Heap base address is the
#     maximum limit for the native heap growth. Please use -XX:HeapBaseMinAddress
#     to set the Java Heap base and to place the Java Heap above 4GB virtual address.
# This output file may be truncated or incomplete.
#
#  Out of Memory Error (os_windows.cpp:3603), pid=22180, tid=16516
#
# JRE version: Java(TM) SE Runtime Environment (21.0.6+8) (build 21.0.6+8-LTS-188)
# Java VM: Java HotSpot(TM) 64-Bit Server VM (21.0.6+8-LTS-188, mixed mode, emulated-client, sharing, tiered, compressed oops, compressed class ptrs, g1 gc, windows-amd64)
# No core dump will be written. Minidumps are not enabled by default on client versions of Windows
#

---------------  S U M M A R Y ------------

Command Line: -XX:TieredStopAtLevel=1 -Dspring.output.ansi.enabled=always -Dcom.sun.management.jmxremote -Dspring.jmx.enabled=true -Dspring.liveBeansView.mbeanDomain -Dspring.application.admin.enabled=true -Dmanagement.endpoints.jmx.exposure.include=* -javaagent:D:\IntelliJ IDEA 2025.1\lib\idea_rt.jar=54084 -Dfile.encoding=UTF-8 -Dsun.stdout.encoding=UTF-8 -Dsun.stderr.encoding=UTF-8 com.waterbilling.demo.WaterBillingSystemApplication

Host: AMD Ryzen 5 3450U with Radeon Vega Mobile Gfx  , 8 cores, 5G,  Windows 11 , 64 bit Build 26100 (10.0.26100.3912)
Time: Tue Jun 10 02:04:58 2025 SE Asia Standard Time elapsed time: 32.807284 seconds (0d 0h 0m 32s)

---------------  T H R E A D  ---------------

Current thread (0x0000022cb97d9aa0):  VMThread "VM Thread"          [id=16516, stack(0x000000d4b3600000,0x000000d4b3700000) (1024K)]

Stack: [0x000000d4b3600000,0x000000d4b3700000]
Native frames: (J=compiled Java code, j=interpreted, Vv=VM code, C=native code)
V  [jvm.dll+0x6ca6d9]
V  [jvm.dll+0x854f51]
V  [jvm.dll+0x85747e]
V  [jvm.dll+0x857b53]
V  [jvm.dll+0x27dcc6]
V  [jvm.dll+0x6c6e55]
V  [jvm.dll+0x6bb9da]
V  [jvm.dll+0x35393a]
V  [jvm.dll+0x35b596]
V  [jvm.dll+0x3adefe]
V  [jvm.dll+0x3ae1a8]
V  [jvm.dll+0x327cbc]
V  [jvm.dll+0x327d47]
V  [jvm.dll+0x36c60c]
V  [jvm.dll+0x36ae5e]
V  [jvm.dll+0x327481]
V  [jvm.dll+0x36a57a]
V  [jvm.dll+0x85d920]
V  [jvm.dll+0x85eca4]
V  [jvm.dll+0x85f1e0]
V  [jvm.dll+0x85f483]
V  [jvm.dll+0x7ff2fb]
V  [jvm.dll+0x6c8dbd]
C  [ucrtbase.dll+0x37b0]
C  [KERNEL32.DLL+0x2e8d7]
C  [ntdll.dll+0x9c5dc]

VM_Operation (0x000000d4b4cf6fe0): G1CollectForAllocation, mode: safepoint, requested by thread 0x0000022cff7611d0


---------------  P R O C E S S  ---------------

Threads class SMR info:
_java_thread_list=0x0000022c818a22c0, length=26, elements={
0x0000022ca773ece0, 0x0000022cb97f1b50, 0x0000022cb97f73e0, 0x0000022cb97f7e30,
0x0000022cb97f8880, 0x0000022cb97f9ff0, 0x0000022cb97fba50, 0x0000022cb97fc4a0,
0x0000022cb97c4ba0, 0x0000022cb99fe110, 0x0000022cff1664e0, 0x0000022cb9d7a820,
0x0000022cff24fd40, 0x0000022cff367cd0, 0x0000022cff760b70, 0x0000022cff7611d0,
0x0000022c803e22e0, 0x0000022c804a2f30, 0x0000022c804d6140, 0x0000022c808358d0,
0x0000022c80835240, 0x0000022c80834bb0, 0x0000022c80835f60, 0x0000022c80836c80,
0x0000022c80837310, 0x0000022c808379a0
}

Java Threads: ( => current thread )
  0x0000022ca773ece0 JavaThread "main"                              [_thread_blocked, id=21216, stack(0x000000d4b2f00000,0x000000d4b3000000) (1024K)]
  0x0000022cb97f1b50 JavaThread "Reference Handler"          daemon [_thread_blocked, id=17460, stack(0x000000d4b3700000,0x000000d4b3800000) (1024K)]
  0x0000022cb97f73e0 JavaThread "Finalizer"                  daemon [_thread_blocked, id=20892, stack(0x000000d4b3800000,0x000000d4b3900000) (1024K)]
  0x0000022cb97f7e30 JavaThread "Signal Dispatcher"          daemon [_thread_blocked, id=13712, stack(0x000000d4b3900000,0x000000d4b3a00000) (1024K)]
  0x0000022cb97f8880 JavaThread "Attach Listener"            daemon [_thread_blocked, id=14108, stack(0x000000d4b3a00000,0x000000d4b3b00000) (1024K)]
  0x0000022cb97f9ff0 JavaThread "Service Thread"             daemon [_thread_blocked, id=12072, stack(0x000000d4b3b00000,0x000000d4b3c00000) (1024K)]
  0x0000022cb97fba50 JavaThread "Monitor Deflation Thread"   daemon [_thread_blocked, id=19584, stack(0x000000d4b3c00000,0x000000d4b3d00000) (1024K)]
  0x0000022cb97fc4a0 JavaThread "C1 CompilerThread0"         daemon [_thread_blocked, id=22444, stack(0x000000d4b3d00000,0x000000d4b3e00000) (1024K)]
  0x0000022cb97c4ba0 JavaThread "Common-Cleaner"             daemon [_thread_blocked, id=20984, stack(0x000000d4b3e00000,0x000000d4b3f00000) (1024K)]
  0x0000022cb99fe110 JavaThread "C1 CompilerThread1"         daemon [_thread_blocked, id=2816, stack(0x000000d4b3f00000,0x000000d4b4000000) (1024K)]
  0x0000022cff1664e0 JavaThread "Monitor Ctrl-Break"         daemon [_thread_in_native, id=8576, stack(0x000000d4b4100000,0x000000d4b4200000) (1024K)]
  0x0000022cb9d7a820 JavaThread "Notification Thread"        daemon [_thread_blocked, id=20836, stack(0x000000d4b4200000,0x000000d4b4300000) (1024K)]
  0x0000022cff24fd40 JavaThread "C1 CompilerThread2"         daemon [_thread_blocked, id=6588, stack(0x000000d4b4300000,0x000000d4b4400000) (1024K)]
  0x0000022cff367cd0 JavaThread "RMI TCP Accept-0"           daemon [_thread_in_native, id=2600, stack(0x000000d4b4400000,0x000000d4b4500000) (1024K)]
  0x0000022cff760b70 JavaThread "Thread-0"                          [_thread_blocked, id=21456, stack(0x000000d4b4b00000,0x000000d4b4c00000) (1024K)]
  0x0000022cff7611d0 JavaThread "restartedMain"                     [_thread_blocked, id=19492, stack(0x000000d4b4c00000,0x000000d4b4d00000) (1024K)]
  0x0000022c803e22e0 JavaThread "RMI TCP Connection(1)-192.168.8.105" daemon [_thread_blocked, id=19816, stack(0x000000d4b4f00000,0x000000d4b5000000) (1024K)]
  0x0000022c804a2f30 JavaThread "RMI Scheduler(0)"           daemon [_thread_blocked, id=9280, stack(0x000000d4b5000000,0x000000d4b5100000) (1024K)]
  0x0000022c804d6140 JavaThread "JMX server connection timeout 38" daemon [_thread_blocked, id=13668, stack(0x000000d4b5100000,0x000000d4b5200000) (1024K)]
  0x0000022c808358d0 JavaThread "RMI TCP Connection(2)-192.168.8.105" daemon [_thread_blocked, id=7924, stack(0x000000d4b4e00000,0x000000d4b4f00000) (1024K)]
  0x0000022c80835240 JavaThread "RMI TCP Connection(3)-192.168.8.105" daemon [_thread_in_native, id=15324, stack(0x000000d4b5500000,0x000000d4b5600000) (1024K)]
  0x0000022c80834bb0 JavaThread "Catalina-utility-1"                [_thread_blocked, id=14156, stack(0x000000d4b5200000,0x000000d4b5300000) (1024K)]
  0x0000022c80835f60 JavaThread "Catalina-utility-2"                [_thread_blocked, id=19132, stack(0x000000d4b5400000,0x000000d4b5500000) (1024K)]
  0x0000022c80836c80 JavaThread "container-0"                       [_thread_blocked, id=16268, stack(0x000000d4b5600000,0x000000d4b5700000) (1024K)]
  0x0000022c80837310 JavaThread "mysql-cj-abandoned-connection-cleanup" daemon [_thread_blocked, id=19956, stack(0x000000d4b5700000,0x000000d4b5800000) (1024K)]
  0x0000022c808379a0 JavaThread "HikariPool-1 housekeeper"   daemon [_thread_blocked, id=1140, stack(0x000000d4b5900000,0x000000d4b5a00000) (1024K)]
Total: 26

Other Threads:
=>0x0000022cb97d9aa0 VMThread "VM Thread"                           [id=16516, stack(0x000000d4b3600000,0x000000d4b3700000) (1024K)]
  0x0000022cb97c3ea0 WatcherThread "VM Periodic Task Thread"        [id=16220, stack(0x000000d4b3500000,0x000000d4b3600000) (1024K)]
  0x0000022ca7a8d730 WorkerThread "GC Thread#0"                     [id=6348, stack(0x000000d4b3000000,0x000000d4b3100000) (1024K)]
  0x0000022cff491250 WorkerThread "GC Thread#1"                     [id=17504, stack(0x000000d4b4500000,0x000000d4b4600000) (1024K)]
  0x0000022cff486820 WorkerThread "GC Thread#2"                     [id=5816, stack(0x000000d4b4600000,0x000000d4b4700000) (1024K)]
  0x0000022cff4a2ce0 WorkerThread "GC Thread#3"                     [id=19208, stack(0x000000d4b4700000,0x000000d4b4800000) (1024K)]
  0x0000022cff4ffe40 WorkerThread "GC Thread#4"                     [id=3504, stack(0x000000d4b4800000,0x000000d4b4900000) (1024K)]
  0x0000022cff5001e0 WorkerThread "GC Thread#5"                     [id=16160, stack(0x000000d4b4900000,0x000000d4b4a00000) (1024K)]
  0x0000022cff502590 WorkerThread "GC Thread#6"                     [id=9036, stack(0x000000d4b4a00000,0x000000d4b4b00000) (1024K)]
  0x0000022c8002d940 WorkerThread "GC Thread#7"                     [id=10908, stack(0x000000d4b4d00000,0x000000d4b4e00000) (1024K)]
  0x0000022ca7a9a320 ConcurrentGCThread "G1 Main Marker"            [id=17944, stack(0x000000d4b3100000,0x000000d4b3200000) (1024K)]
  0x0000022ca7a9ad30 WorkerThread "G1 Conc#0"                       [id=5448, stack(0x000000d4b3200000,0x000000d4b3300000) (1024K)]
  0x0000022c8002d200 WorkerThread "G1 Conc#1"                       [id=5308, stack(0x000000d4b5300000,0x000000d4b5400000) (1024K)]
  0x0000022ca7afdba0 ConcurrentGCThread "G1 Refine#0"               [id=3664, stack(0x000000d4b3300000,0x000000d4b3400000) (1024K)]
  0x0000022ca7afe4c0 ConcurrentGCThread "G1 Service"                [id=18700, stack(0x000000d4b3400000,0x000000d4b3500000) (1024K)]
Total: 15

Threads with active compile tasks:
Total: 0

VM state: at safepoint (normal execution)

VM Mutex/Monitor currently owned by a thread:  ([mutex/lock_event])
[0x00007ffc324cde98] Threads_lock - owner thread: 0x0000022cb97d9aa0
[0x00007ffc324cdf98] Heap_lock - owner thread: 0x0000022cff7611d0

Heap address: 0x00000000a1c00000, size: 1508 MB, Compressed Oops mode: 32-bit

CDS archive(s) mapped at: [0x0000022cba000000-0x0000022cbac90000-0x0000022cbac90000), size 13172736, SharedBaseAddress: 0x0000022cba000000, ArchiveRelocationMode: 1.
Compressed class space mapped at: 0x0000022cbb000000-0x0000022cfb000000, reserved size: 1073741824
Narrow klass base: 0x0000022cba000000, Narrow klass shift: 0, Narrow klass range: 0x100000000

GC Precious Log:
 CardTable entry size: 512
 Card Set container configuration: InlinePtr #cards 5 size 8 Array Of Cards #cards 12 size 40 Howl #buckets 4 coarsen threshold 1843 Howl Bitmap #cards 512 size 80 coarsen threshold 460 Card regions per heap region 1 cards per card region 2048
 CPUs: 8 total, 8 available
 Memory: 6030M
 Large Page Support: Disabled
 NUMA Support: Disabled
 Compressed Oops: Enabled (32-bit)
 Heap Region Size: 1M
 Heap Min Capacity: 8M
 Heap Initial Capacity: 96M
 Heap Max Capacity: 1508M
 Pre-touch: Disabled
 Parallel Workers: 8
 Concurrent Workers: 2
 Concurrent Refinement Workers: 8
 Periodic GC: Disabled

Heap:
 garbage-first heap   total 174080K, used 45511K [0x00000000a1c00000, 0x0000000100000000)
  region size 1024K, 1 young (1024K), 1 survivors (1024K)
 Metaspace       used 71583K, committed 72320K, reserved 1114112K
  class space    used 10174K, committed 10496K, reserved 1048576K

Heap Regions: E=young(eden), S=young(survivor), O=old, HS=humongous(starts), HC=humongous(continues), CS=collection set, F=free, TAMS=top-at-mark-start, PB=parsable bottom
|   0|0x00000000a1c00000, 0x00000000a1d00000, 0x00000000a1d00000|100%|HS|  |TAMS 0x00000000a1c00000| PB 0x00000000a1c00000| Complete 
|   1|0x00000000a1d00000, 0x00000000a1e00000, 0x00000000a1e00000|100%|HS|  |TAMS 0x00000000a1d00000| PB 0x00000000a1d00000| Complete 
|   2|0x00000000a1e00000, 0x00000000a1f00000, 0x00000000a1f00000|100%| O|  |TAMS 0x00000000a1e00000| PB 0x00000000a1e00000| Untracked 
|   3|0x00000000a1f00000, 0x00000000a2000000, 0x00000000a2000000|100%| O|  |TAMS 0x00000000a1f00000| PB 0x00000000a1f00000| Untracked 
|   4|0x00000000a2000000, 0x00000000a2100000, 0x00000000a2100000|100%| O|  |TAMS 0x00000000a2000000| PB 0x00000000a2000000| Untracked 
|   5|0x00000000a2100000, 0x00000000a2200000, 0x00000000a2200000|100%| O|  |TAMS 0x00000000a2100000| PB 0x00000000a2100000| Untracked 
|   6|0x00000000a2200000, 0x00000000a2300000, 0x00000000a2300000|100%| O|  |TAMS 0x00000000a2200000| PB 0x00000000a2200000| Untracked 
|   7|0x00000000a2300000, 0x00000000a2400000, 0x00000000a2400000|100%| O|  |TAMS 0x00000000a2300000| PB 0x00000000a2300000| Untracked 
|   8|0x00000000a2400000, 0x00000000a2500000, 0x00000000a2500000|100%| O|  |TAMS 0x00000000a2400000| PB 0x00000000a2400000| Untracked 
|   9|0x00000000a2500000, 0x00000000a2600000, 0x00000000a2600000|100%| O|  |TAMS 0x00000000a2500000| PB 0x00000000a2500000| Untracked 
|  10|0x00000000a2600000, 0x00000000a2700000, 0x00000000a2700000|100%| O|  |TAMS 0x00000000a2600000| PB 0x00000000a2600000| Untracked 
|  11|0x00000000a2700000, 0x00000000a2800000, 0x00000000a2800000|100%| O|  |TAMS 0x00000000a2700000| PB 0x00000000a2700000| Untracked 
|  12|0x00000000a2800000, 0x00000000a2900000, 0x00000000a2900000|100%| O|  |TAMS 0x00000000a2800000| PB 0x00000000a2800000| Untracked 
|  13|0x00000000a2900000, 0x00000000a2a00000, 0x00000000a2a00000|100%| O|  |TAMS 0x00000000a2900000| PB 0x00000000a2900000| Untracked 
|  14|0x00000000a2a00000, 0x00000000a2b00000, 0x00000000a2b00000|100%| O|  |TAMS 0x00000000a2a00000| PB 0x00000000a2a00000| Untracked 
|  15|0x00000000a2b00000, 0x00000000a2c00000, 0x00000000a2c00000|100%| O|  |TAMS 0x00000000a2b00000| PB 0x00000000a2b00000| Untracked 
|  16|0x00000000a2c00000, 0x00000000a2d00000, 0x00000000a2d00000|100%| O|  |TAMS 0x00000000a2c00000| PB 0x00000000a2c00000| Untracked 
|  17|0x00000000a2d00000, 0x00000000a2e00000, 0x00000000a2e00000|100%| O|  |TAMS 0x00000000a2d00000| PB 0x00000000a2d00000| Untracked 
|  18|0x00000000a2e00000, 0x00000000a2f00000, 0x00000000a2f00000|100%| O|  |TAMS 0x00000000a2e00000| PB 0x00000000a2e00000| Untracked 
|  19|0x00000000a2f00000, 0x00000000a3000000, 0x00000000a3000000|100%| O|  |TAMS 0x00000000a2f00000| PB 0x00000000a2f00000| Untracked 
|  20|0x00000000a3000000, 0x00000000a3100000, 0x00000000a3100000|100%| O|  |TAMS 0x00000000a3000000| PB 0x00000000a3000000| Untracked 
|  21|0x00000000a3100000, 0x00000000a3200000, 0x00000000a3200000|100%| O|  |TAMS 0x00000000a3100000| PB 0x00000000a3100000| Untracked 
|  22|0x00000000a3200000, 0x00000000a3300000, 0x00000000a3300000|100%| O|  |TAMS 0x00000000a3200000| PB 0x00000000a3200000| Untracked 
|  23|0x00000000a3300000, 0x00000000a3400000, 0x00000000a3400000|100%| O|  |TAMS 0x00000000a3300000| PB 0x00000000a3300000| Untracked 
|  24|0x00000000a3400000, 0x00000000a3500000, 0x00000000a3500000|100%| O|  |TAMS 0x00000000a3400000| PB 0x00000000a3400000| Untracked 
|  25|0x00000000a3500000, 0x00000000a3600000, 0x00000000a3600000|100%| O|  |TAMS 0x00000000a3500000| PB 0x00000000a3500000| Untracked 
|  26|0x00000000a3600000, 0x00000000a3700000, 0x00000000a3700000|100%| O|  |TAMS 0x00000000a3600000| PB 0x00000000a3600000| Untracked 
|  27|0x00000000a3700000, 0x00000000a3800000, 0x00000000a3800000|100%| O|  |TAMS 0x00000000a3700000| PB 0x00000000a3700000| Untracked 
|  28|0x00000000a3800000, 0x00000000a3900000, 0x00000000a3900000|100%| O|  |TAMS 0x00000000a3800000| PB 0x00000000a3800000| Untracked 
|  29|0x00000000a3900000, 0x00000000a3a00000, 0x00000000a3a00000|100%| O|  |TAMS 0x00000000a3900000| PB 0x00000000a3900000| Untracked 
|  30|0x00000000a3a00000, 0x00000000a3b00000, 0x00000000a3b00000|100%| O|  |TAMS 0x00000000a3a00000| PB 0x00000000a3a00000| Untracked 
|  31|0x00000000a3b00000, 0x00000000a3c00000, 0x00000000a3c00000|100%| O|  |TAMS 0x00000000a3b00000| PB 0x00000000a3b00000| Untracked 
|  32|0x00000000a3c00000, 0x00000000a3d00000, 0x00000000a3d00000|100%| O|  |TAMS 0x00000000a3c00000| PB 0x00000000a3c00000| Untracked 
|  33|0x00000000a3d00000, 0x00000000a3e00000, 0x00000000a3e00000|100%| O|  |TAMS 0x00000000a3d00000| PB 0x00000000a3d00000| Untracked 
|  34|0x00000000a3e00000, 0x00000000a3f00000, 0x00000000a3f00000|100%| O|  |TAMS 0x00000000a3e00000| PB 0x00000000a3e00000| Untracked 
|  35|0x00000000a3f00000, 0x00000000a4000000, 0x00000000a4000000|100%| O|  |TAMS 0x00000000a3f00000| PB 0x00000000a3f00000| Untracked 
|  36|0x00000000a4000000, 0x00000000a4100000, 0x00000000a4100000|100%| O|  |TAMS 0x00000000a4000000| PB 0x00000000a4000000| Untracked 
|  37|0x00000000a4100000, 0x00000000a4200000, 0x00000000a4200000|100%| O|  |TAMS 0x00000000a4100000| PB 0x00000000a4100000| Untracked 
|  38|0x00000000a4200000, 0x00000000a4300000, 0x00000000a4300000|100%| O|  |TAMS 0x00000000a4200000| PB 0x00000000a4200000| Untracked 
|  39|0x00000000a4300000, 0x00000000a4400000, 0x00000000a4400000|100%| O|  |TAMS 0x00000000a4300000| PB 0x00000000a4300000| Untracked 
|  40|0x00000000a4400000, 0x00000000a4500000, 0x00000000a4500000|100%| O|  |TAMS 0x00000000a4400000| PB 0x00000000a4400000| Untracked 
|  41|0x00000000a4500000, 0x00000000a4600000, 0x00000000a4600000|100%| O|  |TAMS 0x00000000a4500000| PB 0x00000000a4500000| Untracked 
|  42|0x00000000a4600000, 0x00000000a4700000, 0x00000000a4700000|100%| O|  |TAMS 0x00000000a4600000| PB 0x00000000a4600000| Untracked 
|  43|0x00000000a4700000, 0x00000000a4800000, 0x00000000a4800000|100%| O|  |TAMS 0x00000000a4700000| PB 0x00000000a4700000| Untracked 
|  44|0x00000000a4800000, 0x00000000a480ba40, 0x00000000a4900000|  4%| O|  |TAMS 0x00000000a4800000| PB 0x00000000a4800000| Untracked 
|  45|0x00000000a4900000, 0x00000000a4900000, 0x00000000a4a00000|  0%| F|  |TAMS 0x00000000a4900000| PB 0x00000000a4900000| Untracked 
|  46|0x00000000a4a00000, 0x00000000a4a00000, 0x00000000a4b00000|  0%| F|  |TAMS 0x00000000a4a00000| PB 0x00000000a4a00000| Untracked 
|  47|0x00000000a4b00000, 0x00000000a4b00000, 0x00000000a4c00000|  0%| F|  |TAMS 0x00000000a4b00000| PB 0x00000000a4b00000| Untracked 
|  48|0x00000000a4c00000, 0x00000000a4c00000, 0x00000000a4d00000|  0%| F|  |TAMS 0x00000000a4c00000| PB 0x00000000a4c00000| Untracked 
|  49|0x00000000a4d00000, 0x00000000a4d00000, 0x00000000a4e00000|  0%| F|  |TAMS 0x00000000a4d00000| PB 0x00000000a4d00000| Untracked 
|  50|0x00000000a4e00000, 0x00000000a4e00000, 0x00000000a4f00000|  0%| F|  |TAMS 0x00000000a4e00000| PB 0x00000000a4e00000| Untracked 
|  51|0x00000000a4f00000, 0x00000000a4f00000, 0x00000000a5000000|  0%| F|  |TAMS 0x00000000a4f00000| PB 0x00000000a4f00000| Untracked 
|  52|0x00000000a5000000, 0x00000000a5000000, 0x00000000a5100000|  0%| F|  |TAMS 0x00000000a5000000| PB 0x00000000a5000000| Untracked 
|  53|0x00000000a5100000, 0x00000000a5100000, 0x00000000a5200000|  0%| F|  |TAMS 0x00000000a5100000| PB 0x00000000a5100000| Untracked 
|  54|0x00000000a5200000, 0x00000000a5200000, 0x00000000a5300000|  0%| F|  |TAMS 0x00000000a5200000| PB 0x00000000a5200000| Untracked 
|  55|0x00000000a5300000, 0x00000000a5300000, 0x00000000a5400000|  0%| F|  |TAMS 0x00000000a5300000| PB 0x00000000a5300000| Untracked 
|  56|0x00000000a5400000, 0x00000000a5400000, 0x00000000a5500000|  0%| F|  |TAMS 0x00000000a5400000| PB 0x00000000a5400000| Untracked 
|  57|0x00000000a5500000, 0x00000000a5500000, 0x00000000a5600000|  0%| F|  |TAMS 0x00000000a5500000| PB 0x00000000a5500000| Untracked 
|  58|0x00000000a5600000, 0x00000000a5600000, 0x00000000a5700000|  0%| F|  |TAMS 0x00000000a5600000| PB 0x00000000a5600000| Untracked 
|  59|0x00000000a5700000, 0x00000000a5700000, 0x00000000a5800000|  0%| F|  |TAMS 0x00000000a5700000| PB 0x00000000a5700000| Untracked 
|  60|0x00000000a5800000, 0x00000000a5800000, 0x00000000a5900000|  0%| F|  |TAMS 0x00000000a5800000| PB 0x00000000a5800000| Untracked 
|  61|0x00000000a5900000, 0x00000000a5900000, 0x00000000a5a00000|  0%| F|  |TAMS 0x00000000a5900000| PB 0x00000000a5900000| Untracked 
|  62|0x00000000a5a00000, 0x00000000a5a00000, 0x00000000a5b00000|  0%| F|  |TAMS 0x00000000a5a00000| PB 0x00000000a5a00000| Untracked 
|  63|0x00000000a5b00000, 0x00000000a5b00000, 0x00000000a5c00000|  0%| F|  |TAMS 0x00000000a5b00000| PB 0x00000000a5b00000| Untracked 
|  64|0x00000000a5c00000, 0x00000000a5c00000, 0x00000000a5d00000|  0%| F|  |TAMS 0x00000000a5c00000| PB 0x00000000a5c00000| Untracked 
|  65|0x00000000a5d00000, 0x00000000a5d00000, 0x00000000a5e00000|  0%| F|  |TAMS 0x00000000a5d00000| PB 0x00000000a5d00000| Untracked 
|  66|0x00000000a5e00000, 0x00000000a5e00000, 0x00000000a5f00000|  0%| F|  |TAMS 0x00000000a5e00000| PB 0x00000000a5e00000| Untracked 
|  67|0x00000000a5f00000, 0x00000000a5f00000, 0x00000000a6000000|  0%| F|  |TAMS 0x00000000a5f00000| PB 0x00000000a5f00000| Untracked 
|  68|0x00000000a6000000, 0x00000000a6000000, 0x00000000a6100000|  0%| F|  |TAMS 0x00000000a6000000| PB 0x00000000a6000000| Untracked 
|  69|0x00000000a6100000, 0x00000000a6100000, 0x00000000a6200000|  0%| F|  |TAMS 0x00000000a6100000| PB 0x00000000a6100000| Untracked 
|  70|0x00000000a6200000, 0x00000000a6200000, 0x00000000a6300000|  0%| F|  |TAMS 0x00000000a6200000| PB 0x00000000a6200000| Untracked 
|  71|0x00000000a6300000, 0x00000000a6300000, 0x00000000a6400000|  0%| F|  |TAMS 0x00000000a6300000| PB 0x00000000a6300000| Untracked 
|  72|0x00000000a6400000, 0x00000000a6400000, 0x00000000a6500000|  0%| F|  |TAMS 0x00000000a6400000| PB 0x00000000a6400000| Untracked 
|  73|0x00000000a6500000, 0x00000000a6500000, 0x00000000a6600000|  0%| F|  |TAMS 0x00000000a6500000| PB 0x00000000a6500000| Untracked 
|  74|0x00000000a6600000, 0x00000000a6600000, 0x00000000a6700000|  0%| F|  |TAMS 0x00000000a6600000| PB 0x00000000a6600000| Untracked 
|  75|0x00000000a6700000, 0x00000000a6700000, 0x00000000a6800000|  0%| F|  |TAMS 0x00000000a6700000| PB 0x00000000a6700000| Untracked 
|  76|0x00000000a6800000, 0x00000000a6800000, 0x00000000a6900000|  0%| F|  |TAMS 0x00000000a6800000| PB 0x00000000a6800000| Untracked 
|  77|0x00000000a6900000, 0x00000000a6900000, 0x00000000a6a00000|  0%| F|  |TAMS 0x00000000a6900000| PB 0x00000000a6900000| Untracked 
|  78|0x00000000a6a00000, 0x00000000a6a00000, 0x00000000a6b00000|  0%| F|  |TAMS 0x00000000a6a00000| PB 0x00000000a6a00000| Untracked 
|  79|0x00000000a6b00000, 0x00000000a6b00000, 0x00000000a6c00000|  0%| F|  |TAMS 0x00000000a6b00000| PB 0x00000000a6b00000| Untracked 
|  80|0x00000000a6c00000, 0x00000000a6c00000, 0x00000000a6d00000|  0%| F|  |TAMS 0x00000000a6c00000| PB 0x00000000a6c00000| Untracked 
|  81|0x00000000a6d00000, 0x00000000a6d00000, 0x00000000a6e00000|  0%| F|  |TAMS 0x00000000a6d00000| PB 0x00000000a6d00000| Untracked 
|  82|0x00000000a6e00000, 0x00000000a6e00000, 0x00000000a6f00000|  0%| F|  |TAMS 0x00000000a6e00000| PB 0x00000000a6e00000| Untracked 
|  83|0x00000000a6f00000, 0x00000000a6f00000, 0x00000000a7000000|  0%| F|  |TAMS 0x00000000a6f00000| PB 0x00000000a6f00000| Untracked 
|  84|0x00000000a7000000, 0x00000000a7000000, 0x00000000a7100000|  0%| F|  |TAMS 0x00000000a7000000| PB 0x00000000a7000000| Untracked 
|  85|0x00000000a7100000, 0x00000000a7100000, 0x00000000a7200000|  0%| F|  |TAMS 0x00000000a7100000| PB 0x00000000a7100000| Untracked 
|  86|0x00000000a7200000, 0x00000000a7200000, 0x00000000a7300000|  0%| F|  |TAMS 0x00000000a7200000| PB 0x00000000a7200000| Untracked 
|  87|0x00000000a7300000, 0x00000000a7300000, 0x00000000a7400000|  0%| F|  |TAMS 0x00000000a7300000| PB 0x00000000a7300000| Untracked 
|  88|0x00000000a7400000, 0x00000000a7400000, 0x00000000a7500000|  0%| F|  |TAMS 0x00000000a7400000| PB 0x00000000a7400000| Untracked 
|  89|0x00000000a7500000, 0x00000000a7500000, 0x00000000a7600000|  0%| F|  |TAMS 0x00000000a7500000| PB 0x00000000a7500000| Untracked 
|  90|0x00000000a7600000, 0x00000000a7600000, 0x00000000a7700000|  0%| F|  |TAMS 0x00000000a7600000| PB 0x00000000a7600000| Untracked 
|  91|0x00000000a7700000, 0x00000000a7700000, 0x00000000a7800000|  0%| F|  |TAMS 0x00000000a7700000| PB 0x00000000a7700000| Untracked 
|  92|0x00000000a7800000, 0x00000000a7800000, 0x00000000a7900000|  0%| F|  |TAMS 0x00000000a7800000| PB 0x00000000a7800000| Untracked 
|  93|0x00000000a7900000, 0x00000000a7900000, 0x00000000a7a00000|  0%| F|  |TAMS 0x00000000a7900000| PB 0x00000000a7900000| Untracked 
|  94|0x00000000a7a00000, 0x00000000a7a00000, 0x00000000a7b00000|  0%| F|  |TAMS 0x00000000a7a00000| PB 0x00000000a7a00000| Untracked 
|  95|0x00000000a7b00000, 0x00000000a7b00000, 0x00000000a7c00000|  0%| F|  |TAMS 0x00000000a7b00000| PB 0x00000000a7b00000| Untracked 
|  96|0x00000000a7c00000, 0x00000000a7c00000, 0x00000000a7d00000|  0%| F|  |TAMS 0x00000000a7c00000| PB 0x00000000a7c00000| Untracked 
|  97|0x00000000a7d00000, 0x00000000a7d00000, 0x00000000a7e00000|  0%| F|  |TAMS 0x00000000a7d00000| PB 0x00000000a7d00000| Untracked 
|  98|0x00000000a7e00000, 0x00000000a7e00000, 0x00000000a7f00000|  0%| F|  |TAMS 0x00000000a7e00000| PB 0x00000000a7e00000| Untracked 
|  99|0x00000000a7f00000, 0x00000000a7f00000, 0x00000000a8000000|  0%| F|  |TAMS 0x00000000a7f00000| PB 0x00000000a7f00000| Untracked 
| 100|0x00000000a8000000, 0x00000000a8000000, 0x00000000a8100000|  0%| F|  |TAMS 0x00000000a8000000| PB 0x00000000a8000000| Untracked 
| 101|0x00000000a8100000, 0x00000000a8100000, 0x00000000a8200000|  0%| F|  |TAMS 0x00000000a8100000| PB 0x00000000a8100000| Untracked 
| 102|0x00000000a8200000, 0x00000000a8200000, 0x00000000a8300000|  0%| F|  |TAMS 0x00000000a8200000| PB 0x00000000a8200000| Untracked 
| 103|0x00000000a8300000, 0x00000000a8300000, 0x00000000a8400000|  0%| F|  |TAMS 0x00000000a8300000| PB 0x00000000a8300000| Untracked 
| 104|0x00000000a8400000, 0x00000000a8400000, 0x00000000a8500000|  0%| F|  |TAMS 0x00000000a8400000| PB 0x00000000a8400000| Untracked 
| 105|0x00000000a8500000, 0x00000000a8500000, 0x00000000a8600000|  0%| F|  |TAMS 0x00000000a8500000| PB 0x00000000a8500000| Untracked 
| 106|0x00000000a8600000, 0x00000000a8600000, 0x00000000a8700000|  0%| F|  |TAMS 0x00000000a8600000| PB 0x00000000a8600000| Untracked 
| 107|0x00000000a8700000, 0x00000000a8700000, 0x00000000a8800000|  0%| F|  |TAMS 0x00000000a8700000| PB 0x00000000a8700000| Untracked 
| 108|0x00000000a8800000, 0x00000000a8800000, 0x00000000a8900000|  0%| F|  |TAMS 0x00000000a8800000| PB 0x00000000a8800000| Untracked 
| 109|0x00000000a8900000, 0x00000000a8900000, 0x00000000a8a00000|  0%| F|  |TAMS 0x00000000a8900000| PB 0x00000000a8900000| Untracked 
| 110|0x00000000a8a00000, 0x00000000a8a00000, 0x00000000a8b00000|  0%| F|  |TAMS 0x00000000a8a00000| PB 0x00000000a8a00000| Untracked 
| 111|0x00000000a8b00000, 0x00000000a8b00000, 0x00000000a8c00000|  0%| F|  |TAMS 0x00000000a8b00000| PB 0x00000000a8b00000| Untracked 
| 112|0x00000000a8c00000, 0x00000000a8c00000, 0x00000000a8d00000|  0%| F|  |TAMS 0x00000000a8c00000| PB 0x00000000a8c00000| Untracked 
| 113|0x00000000a8d00000, 0x00000000a8d00000, 0x00000000a8e00000|  0%| F|  |TAMS 0x00000000a8d00000| PB 0x00000000a8d00000| Untracked 
| 114|0x00000000a8e00000, 0x00000000a8e00000, 0x00000000a8f00000|  0%| F|  |TAMS 0x00000000a8e00000| PB 0x00000000a8e00000| Untracked 
| 115|0x00000000a8f00000, 0x00000000a8f00000, 0x00000000a9000000|  0%| F|  |TAMS 0x00000000a8f00000| PB 0x00000000a8f00000| Untracked 
| 116|0x00000000a9000000, 0x00000000a9000000, 0x00000000a9100000|  0%| F|  |TAMS 0x00000000a9000000| PB 0x00000000a9000000| Untracked 
| 117|0x00000000a9100000, 0x00000000a9100000, 0x00000000a9200000|  0%| F|  |TAMS 0x00000000a9100000| PB 0x00000000a9100000| Untracked 
| 118|0x00000000a9200000, 0x00000000a9200000, 0x00000000a9300000|  0%| F|  |TAMS 0x00000000a9200000| PB 0x00000000a9200000| Untracked 
| 119|0x00000000a9300000, 0x00000000a9300000, 0x00000000a9400000|  0%| F|  |TAMS 0x00000000a9300000| PB 0x00000000a9300000| Untracked 
| 120|0x00000000a9400000, 0x00000000a9400000, 0x00000000a9500000|  0%| F|  |TAMS 0x00000000a9400000| PB 0x00000000a9400000| Untracked 
| 121|0x00000000a9500000, 0x00000000a9500000, 0x00000000a9600000|  0%| F|  |TAMS 0x00000000a9500000| PB 0x00000000a9500000| Untracked 
| 122|0x00000000a9600000, 0x00000000a9600000, 0x00000000a9700000|  0%| F|  |TAMS 0x00000000a9600000| PB 0x00000000a9600000| Untracked 
| 123|0x00000000a9700000, 0x00000000a9700000, 0x00000000a9800000|  0%| F|  |TAMS 0x00000000a9700000| PB 0x00000000a9700000| Untracked 
| 124|0x00000000a9800000, 0x00000000a9800000, 0x00000000a9900000|  0%| F|  |TAMS 0x00000000a9800000| PB 0x00000000a9800000| Untracked 
| 125|0x00000000a9900000, 0x00000000a9900000, 0x00000000a9a00000|  0%| F|  |TAMS 0x00000000a9900000| PB 0x00000000a9900000| Untracked 
| 126|0x00000000a9a00000, 0x00000000a9a00000, 0x00000000a9b00000|  0%| F|  |TAMS 0x00000000a9a00000| PB 0x00000000a9a00000| Untracked 
| 127|0x00000000a9b00000, 0x00000000a9b00000, 0x00000000a9c00000|  0%| F|  |TAMS 0x00000000a9b00000| PB 0x00000000a9b00000| Untracked 
| 128|0x00000000a9c00000, 0x00000000a9c00000, 0x00000000a9d00000|  0%| F|  |TAMS 0x00000000a9c00000| PB 0x00000000a9c00000| Untracked 
| 129|0x00000000a9d00000, 0x00000000a9d00000, 0x00000000a9e00000|  0%| F|  |TAMS 0x00000000a9d00000| PB 0x00000000a9d00000| Untracked 
| 130|0x00000000a9e00000, 0x00000000a9e00000, 0x00000000a9f00000|  0%| F|  |TAMS 0x00000000a9e00000| PB 0x00000000a9e00000| Untracked 
| 131|0x00000000a9f00000, 0x00000000a9f00000, 0x00000000aa000000|  0%| F|  |TAMS 0x00000000a9f00000| PB 0x00000000a9f00000| Untracked 
| 132|0x00000000aa000000, 0x00000000aa000000, 0x00000000aa100000|  0%| F|  |TAMS 0x00000000aa000000| PB 0x00000000aa000000| Untracked 
| 133|0x00000000aa100000, 0x00000000aa100000, 0x00000000aa200000|  0%| F|  |TAMS 0x00000000aa100000| PB 0x00000000aa100000| Untracked 
| 134|0x00000000aa200000, 0x00000000aa200000, 0x00000000aa300000|  0%| F|  |TAMS 0x00000000aa200000| PB 0x00000000aa200000| Untracked 
| 135|0x00000000aa300000, 0x00000000aa300000, 0x00000000aa400000|  0%| F|  |TAMS 0x00000000aa300000| PB 0x00000000aa300000| Untracked 
| 136|0x00000000aa400000, 0x00000000aa400000, 0x00000000aa500000|  0%| F|  |TAMS 0x00000000aa400000| PB 0x00000000aa400000| Untracked 
| 137|0x00000000aa500000, 0x00000000aa500000, 0x00000000aa600000|  0%| F|  |TAMS 0x00000000aa500000| PB 0x00000000aa500000| Untracked 
| 138|0x00000000aa600000, 0x00000000aa600000, 0x00000000aa700000|  0%| F|  |TAMS 0x00000000aa600000| PB 0x00000000aa600000| Untracked 
| 139|0x00000000aa700000, 0x00000000aa700000, 0x00000000aa800000|  0%| F|  |TAMS 0x00000000aa700000| PB 0x00000000aa700000| Untracked 
| 140|0x00000000aa800000, 0x00000000aa800000, 0x00000000aa900000|  0%| F|  |TAMS 0x00000000aa800000| PB 0x00000000aa800000| Untracked 
| 141|0x00000000aa900000, 0x00000000aa900000, 0x00000000aaa00000|  0%| F|  |TAMS 0x00000000aa900000| PB 0x00000000aa900000| Untracked 
| 142|0x00000000aaa00000, 0x00000000aaa00000, 0x00000000aab00000|  0%| F|  |TAMS 0x00000000aaa00000| PB 0x00000000aaa00000| Untracked 
| 143|0x00000000aab00000, 0x00000000aab00000, 0x00000000aac00000|  0%| F|  |TAMS 0x00000000aab00000| PB 0x00000000aab00000| Untracked 
| 144|0x00000000aac00000, 0x00000000aac00000, 0x00000000aad00000|  0%| F|  |TAMS 0x00000000aac00000| PB 0x00000000aac00000| Untracked 
| 145|0x00000000aad00000, 0x00000000aad00000, 0x00000000aae00000|  0%| F|  |TAMS 0x00000000aad00000| PB 0x00000000aad00000| Untracked 
| 146|0x00000000aae00000, 0x00000000aae00000, 0x00000000aaf00000|  0%| F|  |TAMS 0x00000000aae00000| PB 0x00000000aae00000| Untracked 
| 147|0x00000000aaf00000, 0x00000000aaf00000, 0x00000000ab000000|  0%| F|  |TAMS 0x00000000aaf00000| PB 0x00000000aaf00000| Untracked 
| 148|0x00000000ab000000, 0x00000000ab000000, 0x00000000ab100000|  0%| F|  |TAMS 0x00000000ab000000| PB 0x00000000ab000000| Untracked 
| 149|0x00000000ab100000, 0x00000000ab100000, 0x00000000ab200000|  0%| F|  |TAMS 0x00000000ab100000| PB 0x00000000ab100000| Untracked 
| 150|0x00000000ab200000, 0x00000000ab200000, 0x00000000ab300000|  0%| F|  |TAMS 0x00000000ab200000| PB 0x00000000ab200000| Untracked 
| 151|0x00000000ab300000, 0x00000000ab300000, 0x00000000ab400000|  0%| F|  |TAMS 0x00000000ab300000| PB 0x00000000ab300000| Untracked 
| 152|0x00000000ab400000, 0x00000000ab400000, 0x00000000ab500000|  0%| F|  |TAMS 0x00000000ab400000| PB 0x00000000ab400000| Untracked 
| 153|0x00000000ab500000, 0x00000000ab500000, 0x00000000ab600000|  0%| F|  |TAMS 0x00000000ab500000| PB 0x00000000ab500000| Untracked 
| 154|0x00000000ab600000, 0x00000000ab600000, 0x00000000ab700000|  0%| F|  |TAMS 0x00000000ab600000| PB 0x00000000ab600000| Untracked 
| 155|0x00000000ab700000, 0x00000000ab700000, 0x00000000ab800000|  0%| F|  |TAMS 0x00000000ab700000| PB 0x00000000ab700000| Untracked 
| 156|0x00000000ab800000, 0x00000000ab800000, 0x00000000ab900000|  0%| F|  |TAMS 0x00000000ab800000| PB 0x00000000ab800000| Untracked 
| 157|0x00000000ab900000, 0x00000000ab900000, 0x00000000aba00000|  0%| F|  |TAMS 0x00000000ab900000| PB 0x00000000ab900000| Untracked 
| 158|0x00000000aba00000, 0x00000000aba00000, 0x00000000abb00000|  0%| F|  |TAMS 0x00000000aba00000| PB 0x00000000aba00000| Untracked 
| 159|0x00000000abb00000, 0x00000000abb00000, 0x00000000abc00000|  0%| F|  |TAMS 0x00000000abb00000| PB 0x00000000abb00000| Untracked 
| 160|0x00000000abc00000, 0x00000000abc00000, 0x00000000abd00000|  0%| F|  |TAMS 0x00000000abc00000| PB 0x00000000abc00000| Untracked 
| 161|0x00000000abd00000, 0x00000000abd66510, 0x00000000abe00000| 39%| S|CS|TAMS 0x00000000abd00000| PB 0x00000000abd00000| Complete 
| 162|0x00000000abe00000, 0x00000000abe00000, 0x00000000abf00000|  0%| F|  |TAMS 0x00000000abe00000| PB 0x00000000abe00000| Untracked 
| 163|0x00000000abf00000, 0x00000000abf00000, 0x00000000ac000000|  0%| F|  |TAMS 0x00000000abf00000| PB 0x00000000abf00000| Untracked 
| 164|0x00000000ac000000, 0x00000000ac000000, 0x00000000ac100000|  0%| F|  |TAMS 0x00000000ac000000| PB 0x00000000ac000000| Untracked 
| 165|0x00000000ac100000, 0x00000000ac100000, 0x00000000ac200000|  0%| F|  |TAMS 0x00000000ac100000| PB 0x00000000ac100000| Untracked 
| 166|0x00000000ac200000, 0x00000000ac200000, 0x00000000ac300000|  0%| F|  |TAMS 0x00000000ac200000| PB 0x00000000ac200000| Untracked 
| 167|0x00000000ac300000, 0x00000000ac300000, 0x00000000ac400000|  0%| F|  |TAMS 0x00000000ac300000| PB 0x00000000ac300000| Untracked 
| 168|0x00000000ac400000, 0x00000000ac400000, 0x00000000ac500000|  0%| F|  |TAMS 0x00000000ac400000| PB 0x00000000ac400000| Untracked 
| 169|0x00000000ac500000, 0x00000000ac500000, 0x00000000ac600000|  0%| F|  |TAMS 0x00000000ac500000| PB 0x00000000ac500000| Untracked 

Card table byte_map: [0x0000022cb5360000,0x0000022cb5660000] _byte_map_base: 0x0000022cb4e52000

Marking Bits: (CMBitMap*) 0x0000022ca7a8dd40
 Bits: [0x0000022cb5660000, 0x0000022cb6df0000)

Polling page: 0x0000022ca92b0000

Metaspace:

Usage:
  Non-class:     59.97 MB used.
      Class:      9.94 MB used.
       Both:     69.91 MB used.

Virtual space:
  Non-class space:       64.00 MB reserved,      60.38 MB ( 94%) committed,  1 nodes.
      Class space:        1.00 GB reserved,      10.25 MB (  1%) committed,  1 nodes.
             Both:        1.06 GB reserved,      70.62 MB (  6%) committed. 

Chunk freelists:
   Non-Class:  2.86 MB
       Class:  5.77 MB
        Both:  8.62 MB

MaxMetaspaceSize: unlimited
CompressedClassSpaceSize: 1.00 GB
Initial GC threshold: 21.00 MB
Current GC threshold: 112.44 MB
CDS: on
 - commit_granule_bytes: 65536.
 - commit_granule_words: 8192.
 - virtual_space_node_default_size: 8388608.
 - enlarge_chunks_in_place: 1.
 - use_allocation_guard: 0.


Internal statistics:

num_allocs_failed_limit: 3.
num_arena_births: 1056.
num_arena_deaths: 28.
num_vsnodes_births: 2.
num_vsnodes_deaths: 0.
num_space_committed: 1129.
num_space_uncommitted: 0.
num_chunks_returned_to_freelist: 32.
num_chunks_taken_from_freelist: 3574.
num_chunk_merges: 6.
num_chunk_splits: 2535.
num_chunks_enlarged: 1952.
num_inconsistent_stats: 0.

CodeCache: size=49152Kb used=14181Kb max_used=14819Kb free=34971Kb
 bounds [0x0000022cb17e0000, 0x0000022cb2660000, 0x0000022cb47e0000]
 total_blobs=8120 nmethods=7380 adapters=661
 compilation: enabled
              stopped_count=0, restarted_count=0
 full_count=0

Compilation events (20 events):
Event: 30.752 Thread 0x0000022cff24fd40 8128       1       org.antlr.v4.runtime.atn.LexerATNSimulator::consume (49 bytes)
Event: 30.752 Thread 0x0000022cb97fc4a0 8129       1       org.antlr.v4.runtime.CodePointCharStream::consume (56 bytes)
Event: 30.753 Thread 0x0000022cb99fe110 8130       1       org.antlr.v4.runtime.atn.LexerATNSimulator::captureSimState (32 bytes)
Event: 30.753 Thread 0x0000022cb97fc4a0 nmethod 8129 0x0000022cb1e41490 code [0x0000022cb1e41640, 0x0000022cb1e417b0]
Event: 30.753 Thread 0x0000022cff24fd40 nmethod 8128 0x0000022cb19d4c90 code [0x0000022cb19d4e40, 0x0000022cb19d5010]
Event: 30.753 Thread 0x0000022cb99fe110 nmethod 8130 0x0000022cb19d4890 code [0x0000022cb19d4a40, 0x0000022cb19d4bb0]
Event: 30.755 Thread 0x0000022cff24fd40 8131       1       org.antlr.v4.runtime.atn.ParserATNSimulator::getUniqueAlt (53 bytes)
Event: 30.755 Thread 0x0000022cff24fd40 nmethod 8131 0x0000022cb19d4210 code [0x0000022cb19d43e0, 0x0000022cb19d4680]
Event: 30.756 Thread 0x0000022cb99fe110 8132       1       org.antlr.v4.runtime.dfa.DFA::isPrecedenceDfa (5 bytes)
Event: 30.756 Thread 0x0000022cb99fe110 nmethod 8132 0x0000022cb1dd2890 code [0x0000022cb1dd2a20, 0x0000022cb1dd2af0]
Event: 30.759 Thread 0x0000022cb99fe110 8133       1       org.antlr.v4.runtime.atn.ParserATNSimulator::closure (44 bytes)
Event: 30.760 Thread 0x0000022cb99fe110 nmethod 8133 0x0000022cb1dc4590 code [0x0000022cb1dc4740, 0x0000022cb1dc4850]
Event: 30.780 Thread 0x0000022cb99fe110 8134       1       org.antlr.v4.runtime.atn.ATNConfigSet::optimizeConfigs (71 bytes)
Event: 30.781 Thread 0x0000022cb99fe110 nmethod 8134 0x0000022cb19d3910 code [0x0000022cb19d3b00, 0x0000022cb19d3ee8]
Event: 30.790 Thread 0x0000022cb97fc4a0 8135       1       org.antlr.v4.runtime.atn.ParserATNSimulator::actionTransition (60 bytes)
Event: 30.791 Thread 0x0000022cb97fc4a0 nmethod 8135 0x0000022cb1d9c990 code [0x0000022cb1d9cbc0, 0x0000022cb1d9cf98]
Event: 30.794 Thread 0x0000022cb97fc4a0 8136       1       org.antlr.v4.runtime.atn.ParserATNSimulator::computeReachSet (575 bytes)
Event: 30.794 Thread 0x0000022cb99fe110 8137       1       org.antlr.v4.runtime.Recognizer::getState (5 bytes)
Event: 30.795 Thread 0x0000022cb99fe110 nmethod 8137 0x0000022cb1dde090 code [0x0000022cb1dde220, 0x0000022cb1dde2e8]
Event: 30.797 Thread 0x0000022cb97fc4a0 nmethod 8136 0x0000022cb1d99c10 code [0x0000022cb1d9a0e0, 0x0000022cb1d9b8c0]

GC Heap History (20 events):
Event: 23.780 GC heap after
{Heap after GC invocations=20 (full 0):
 garbage-first heap   total 65536K, used 37543K [0x00000000a1c00000, 0x0000000100000000)
  region size 1024K, 3 young (3072K), 3 survivors (3072K)
 Metaspace       used 65246K, committed 66048K, reserved 1114112K
  class space    used 9184K, committed 9536K, reserved 1048576K
}
Event: 26.710 GC heap before
{Heap before GC invocations=20 (full 0):
 garbage-first heap   total 65536K, used 56999K [0x00000000a1c00000, 0x0000000100000000)
  region size 1024K, 22 young (22528K), 3 survivors (3072K)
 Metaspace       used 68189K, committed 68928K, reserved 1114112K
  class space    used 9521K, committed 9856K, reserved 1048576K
}
Event: 26.721 GC heap after
{Heap after GC invocations=21 (full 0):
 garbage-first heap   total 65536K, used 38773K [0x00000000a1c00000, 0x0000000100000000)
  region size 1024K, 3 young (3072K), 3 survivors (3072K)
 Metaspace       used 68189K, committed 68928K, reserved 1114112K
  class space    used 9521K, committed 9856K, reserved 1048576K
}
Event: 28.025 GC heap before
{Heap before GC invocations=22 (full 0):
 garbage-first heap   total 68608K, used 56181K [0x00000000a1c00000, 0x0000000100000000)
  region size 1024K, 21 young (21504K), 3 survivors (3072K)
 Metaspace       used 70178K, committed 70912K, reserved 1114112K
  class space    used 9835K, committed 10176K, reserved 1048576K
}
Event: 29.031 GC heap after
{Heap after GC invocations=23 (full 0):
 garbage-first heap   total 82944K, used 40255K [0x00000000a1c00000, 0x0000000100000000)
  region size 1024K, 2 young (2048K), 2 survivors (2048K)
 Metaspace       used 70178K, committed 70912K, reserved 1114112K
  class space    used 9835K, committed 10176K, reserved 1048576K
}
Event: 29.134 GC heap before
{Heap before GC invocations=23 (full 0):
 garbage-first heap   total 82944K, used 42303K [0x00000000a1c00000, 0x0000000100000000)
  region size 1024K, 4 young (4096K), 2 survivors (2048K)
 Metaspace       used 70701K, committed 71424K, reserved 1114112K
  class space    used 9987K, committed 10304K, reserved 1048576K
}
Event: 29.138 GC heap after
{Heap after GC invocations=24 (full 0):
 garbage-first heap   total 82944K, used 40156K [0x00000000a1c00000, 0x0000000100000000)
  region size 1024K, 1 young (1024K), 1 survivors (1024K)
 Metaspace       used 70701K, committed 71424K, reserved 1114112K
  class space    used 9987K, committed 10304K, reserved 1048576K
}
Event: 29.417 GC heap before
{Heap before GC invocations=24 (full 0):
 garbage-first heap   total 82944K, used 42204K [0x00000000a1c00000, 0x0000000100000000)
  region size 1024K, 4 young (4096K), 1 survivors (1024K)
 Metaspace       used 71413K, committed 72128K, reserved 1114112K
  class space    used 10152K, committed 10496K, reserved 1048576K
}
Event: 29.421 GC heap after
{Heap after GC invocations=25 (full 0):
 garbage-first heap   total 82944K, used 40522K [0x00000000a1c00000, 0x0000000100000000)
  region size 1024K, 1 young (1024K), 1 survivors (1024K)
 Metaspace       used 71413K, committed 72128K, reserved 1114112K
  class space    used 10152K, committed 10496K, reserved 1048576K
}
Event: 29.584 GC heap before
{Heap before GC invocations=25 (full 0):
 garbage-first heap   total 82944K, used 43594K [0x00000000a1c00000, 0x0000000100000000)
  region size 1024K, 4 young (4096K), 1 survivors (1024K)
 Metaspace       used 71538K, committed 72256K, reserved 1114112K
  class space    used 10167K, committed 10496K, reserved 1048576K
}
Event: 29.588 GC heap after
{Heap after GC invocations=26 (full 0):
 garbage-first heap   total 82944K, used 40965K [0x00000000a1c00000, 0x0000000100000000)
  region size 1024K, 1 young (1024K), 1 survivors (1024K)
 Metaspace       used 71538K, committed 72256K, reserved 1114112K
  class space    used 10167K, committed 10496K, reserved 1048576K
}
Event: 29.610 GC heap before
{Heap before GC invocations=26 (full 0):
 garbage-first heap   total 82944K, used 44037K [0x00000000a1c00000, 0x0000000100000000)
  region size 1024K, 4 young (4096K), 1 survivors (1024K)
 Metaspace       used 71543K, committed 72256K, reserved 1114112K
  class space    used 10168K, committed 10496K, reserved 1048576K
}
Event: 30.619 GC heap after
{Heap after GC invocations=27 (full 0):
 garbage-first heap   total 174080K, used 40972K [0x00000000a1c00000, 0x0000000100000000)
  region size 1024K, 1 young (1024K), 1 survivors (1024K)
 Metaspace       used 71543K, committed 72256K, reserved 1114112K
  class space    used 10168K, committed 10496K, reserved 1048576K
}
Event: 30.672 GC heap before
{Heap before GC invocations=27 (full 0):
 garbage-first heap   total 174080K, used 48140K [0x00000000a1c00000, 0x0000000100000000)
  region size 1024K, 8 young (8192K), 1 survivors (1024K)
 Metaspace       used 71575K, committed 72320K, reserved 1114112K
  class space    used 10172K, committed 10496K, reserved 1048576K
}
Event: 30.675 GC heap after
{Heap after GC invocations=28 (full 0):
 garbage-first heap   total 174080K, used 41255K [0x00000000a1c00000, 0x0000000100000000)
  region size 1024K, 1 young (1024K), 1 survivors (1024K)
 Metaspace       used 71575K, committed 72320K, reserved 1114112K
  class space    used 10172K, committed 10496K, reserved 1048576K
}
Event: 30.720 GC heap before
{Heap before GC invocations=28 (full 0):
 garbage-first heap   total 174080K, used 48423K [0x00000000a1c00000, 0x0000000100000000)
  region size 1024K, 8 young (8192K), 1 survivors (1024K)
 Metaspace       used 71580K, committed 72320K, reserved 1114112K
  class space    used 10174K, committed 10496K, reserved 1048576K
}
Event: 30.724 GC heap after
{Heap after GC invocations=29 (full 0):
 garbage-first heap   total 174080K, used 42478K [0x00000000a1c00000, 0x0000000100000000)
  region size 1024K, 1 young (1024K), 1 survivors (1024K)
 Metaspace       used 71580K, committed 72320K, reserved 1114112K
  class space    used 10174K, committed 10496K, reserved 1048576K
}
Event: 30.761 GC heap before
{Heap before GC invocations=29 (full 0):
 garbage-first heap   total 174080K, used 49646K [0x00000000a1c00000, 0x0000000100000000)
  region size 1024K, 8 young (8192K), 1 survivors (1024K)
 Metaspace       used 71580K, committed 72320K, reserved 1114112K
  class space    used 10174K, committed 10496K, reserved 1048576K
}
Event: 30.766 GC heap after
{Heap after GC invocations=30 (full 0):
 garbage-first heap   total 174080K, used 44957K [0x00000000a1c00000, 0x0000000100000000)
  region size 1024K, 1 young (1024K), 1 survivors (1024K)
 Metaspace       used 71580K, committed 72320K, reserved 1114112K
  class space    used 10174K, committed 10496K, reserved 1048576K
}
Event: 30.798 GC heap before
{Heap before GC invocations=30 (full 0):
 garbage-first heap   total 174080K, used 52125K [0x00000000a1c00000, 0x0000000100000000)
  region size 1024K, 8 young (8192K), 1 survivors (1024K)
 Metaspace       used 71583K, committed 72320K, reserved 1114112K
  class space    used 10174K, committed 10496K, reserved 1048576K
}

Dll operation events (12 events):
Event: 0.030 Loaded shared library C:\Program Files\Java\jdk-21\bin\java.dll
Event: 0.736 Loaded shared library C:\Program Files\Java\jdk-21\bin\zip.dll
Event: 0.745 Loaded shared library C:\Program Files\Java\jdk-21\bin\instrument.dll
Event: 0.760 Loaded shared library C:\Program Files\Java\jdk-21\bin\net.dll
Event: 0.766 Loaded shared library C:\Program Files\Java\jdk-21\bin\nio.dll
Event: 0.778 Loaded shared library C:\Program Files\Java\jdk-21\bin\zip.dll
Event: 1.249 Loaded shared library C:\Program Files\Java\jdk-21\bin\jimage.dll
Event: 1.270 Loaded shared library C:\Program Files\Java\jdk-21\bin\extnet.dll
Event: 1.350 Loaded shared library C:\Program Files\Java\jdk-21\bin\management.dll
Event: 1.407 Loaded shared library C:\Program Files\Java\jdk-21\bin\management_ext.dll
Event: 8.143 Loaded shared library C:\Program Files\Java\jdk-21\bin\sunmscapi.dll
Event: 17.992 Loaded shared library C:\Program Files\Java\jdk-21\bin\verify.dll

Deoptimization events (0 events):
No events

Classes loaded (20 events):
Event: 26.560 Loading class java/util/WeakHashMap$KeyIterator
Event: 26.561 Loading class java/util/WeakHashMap$KeyIterator done
Event: 26.778 Loading class java/lang/Package$1PackageInfoProxy
Event: 26.778 Loading class java/lang/Package$1PackageInfoProxy done
Event: 27.258 Loading class java/lang/Character$UnicodeBlock
Event: 27.262 Loading class java/lang/Character$Subset
Event: 27.263 Loading class java/lang/Character$Subset done
Event: 27.265 Loading class java/lang/Character$UnicodeBlock done
Event: 27.476 Loading class java/util/regex/Pattern$Bound
Event: 27.476 Loading class java/util/regex/Pattern$Bound done
Event: 27.479 Loading class java/util/regex/Pattern$Behind
Event: 27.480 Loading class java/util/regex/Pattern$Behind done
Event: 27.655 Loading class sun/reflect/annotation/AnnotationInvocationHandler$1
Event: 27.656 Loading class sun/reflect/annotation/AnnotationInvocationHandler$1 done
Event: 27.782 Loading class java/time/DayOfWeek
Event: 27.788 Loading class java/time/DayOfWeek done
Event: 27.961 Loading class java/util/EmptyStackException
Event: 27.961 Loading class java/util/EmptyStackException done
Event: 29.294 Loading class java/io/InvalidClassException
Event: 29.294 Loading class java/io/InvalidClassException done

Classes unloaded (14 events):
Event: 26.800 Thread 0x0000022cb97d9aa0 Unloading class 0x0000022cbb098800 'java/lang/invoke/LambdaForm$MH+0x0000022cbb098800'
Event: 26.800 Thread 0x0000022cb97d9aa0 Unloading class 0x0000022cbb097c00 'java/lang/invoke/LambdaForm$MH+0x0000022cbb097c00'
Event: 26.800 Thread 0x0000022cb97d9aa0 Unloading class 0x0000022cbb096c00 'java/lang/invoke/LambdaForm$MH+0x0000022cbb096c00'
Event: 26.800 Thread 0x0000022cb97d9aa0 Unloading class 0x0000022cbb096800 'java/lang/invoke/LambdaForm$MH+0x0000022cbb096800'
Event: 26.800 Thread 0x0000022cb97d9aa0 Unloading class 0x0000022cbb095c00 'java/lang/invoke/LambdaForm$MH+0x0000022cbb095c00'
Event: 26.800 Thread 0x0000022cb97d9aa0 Unloading class 0x0000022cbb094400 'java/lang/invoke/LambdaForm$MH+0x0000022cbb094400'
Event: 26.800 Thread 0x0000022cb97d9aa0 Unloading class 0x0000022cbb081400 'jdk/internal/reflect/GeneratedSerializationConstructorAccessor3'
Event: 26.800 Thread 0x0000022cb97d9aa0 Unloading class 0x0000022cbb00cc00 'java/lang/invoke/LambdaForm$DMH+0x0000022cbb00cc00'
Event: 26.800 Thread 0x0000022cb97d9aa0 Unloading class 0x0000022cbb00c400 'java/lang/invoke/LambdaForm$DMH+0x0000022cbb00c400'
Event: 26.800 Thread 0x0000022cb97d9aa0 Unloading class 0x0000022cbb00b800 'java/lang/invoke/LambdaForm$DMH+0x0000022cbb00b800'
Event: 26.800 Thread 0x0000022cb97d9aa0 Unloading class 0x0000022cbb00b400 'java/lang/invoke/LambdaForm$DMH+0x0000022cbb00b400'
Event: 26.800 Thread 0x0000022cb97d9aa0 Unloading class 0x0000022cbb002400 'java/lang/invoke/LambdaForm$MH+0x0000022cbb002400'
Event: 26.800 Thread 0x0000022cb97d9aa0 Unloading class 0x0000022cbb002000 'java/lang/invoke/LambdaForm$MH+0x0000022cbb002000'
Event: 26.800 Thread 0x0000022cb97d9aa0 Unloading class 0x0000022cbb001c00 'java/lang/invoke/LambdaForm$MH+0x0000022cbb001c00'

Classes redefined (0 events):
No events

Internal exceptions (20 events):
Event: 23.168 Thread 0x0000022cff7611d0 Exception <a 'java/lang/NoSuchMethodError'{0x00000000a5230f20}: 'java.lang.Object java.lang.invoke.DirectMethodHandle$Holder.newInvokeSpecial(java.lang.Object, java.lang.Object, int)'> (0x00000000a5230f20) 
thrown [s\open\src\hotspot\share\interpreter\linkResolver.cpp, line 773]
Event: 23.257 Thread 0x0000022cff7611d0 Exception <a 'java/lang/NoSuchMethodError'{0x00000000a51ca678}: 'java.lang.Object java.lang.invoke.DirectMethodHandle$Holder.newInvokeSpecial(java.lang.Object, java.lang.Object, java.lang.Object, java.lang.Object, java.lang.Object, int, java.lang.Object)'> (0x00000000a51ca678) 
thrown [s\open\src\hotspot\share\interpreter\linkResolver.cpp, line 773]
Event: 23.263 Thread 0x0000022cff7611d0 Exception <a 'java/lang/NoSuchMethodError'{0x00000000a51fd578}: 'java.lang.Object java.lang.invoke.DirectMethodHandle$Holder.newInvokeSpecial(java.lang.Object, java.lang.Object, java.lang.Object, java.lang.Object, java.lang.Object, java.lang.Object, java.lang.Object, java.lang.Object, java.lang.Object, java.lang.Object, java.lang.Object, java.lang.Object)'> (0x00000000a51fd578) 
thrown [s\open\src\hotspot\share\interpreter\linkResolver.cpp, line 773]
Event: 23.264 Thread 0x0000022cff7611d0 Exception <a 'java/lang/NoSuchMethodError'{0x00000000a5001eb0}: 'java.lang.Object java.lang.invoke.DirectMethodHandle$Holder.invokeSpecial(java.lang.Object, java.lang.Object, java.lang.Object, java.lang.Object, java.lang.Object, java.lang.Object, java.lang.Object, java.lang.Object, java.lang.Object, java.lang.Object, java.lang.Object, java.lang.Object, java.lang.Object)'> (0x00000000a5001eb0) 
thrown [s\open\src\hotspot\share\interpreter\linkResolver.cpp, line 773]
Event: 23.264 Thread 0x0000022cff7611d0 Exception <a 'java/lang/NoSuchMethodError'{0x00000000a5006398}: 'java.lang.Object java.lang.invoke.Invokers$Holder.linkToTargetMethod(java.lang.Object, java.lang.Object, java.lang.Object, java.lang.Object, java.lang.Object, java.lang.Object, java.lang.Object, java.lang.Object, java.lang.Object, java.lang.Object, java.lang.Object, java.lang.Object)'> (0x00000000a5006398) 
thrown [s\open\src\hotspot\share\interpreter\linkResolver.cpp, line 773]
Event: 23.292 Thread 0x0000022cff7611d0 Exception <a 'java/lang/IncompatibleClassChangeError'{0x00000000a50a0020}: Found class java.lang.Object, but interface was expected> (0x00000000a50a0020) 
thrown [s\open\src\hotspot\share\interpreter\linkResolver.cpp, line 840]
Event: 23.379 Thread 0x0000022cff7611d0 Exception <a 'java/lang/IncompatibleClassChangeError'{0x00000000a4fe2af8}: Found class java.lang.Object, but interface was expected> (0x00000000a4fe2af8) 
thrown [s\open\src\hotspot\share\interpreter\linkResolver.cpp, line 840]
Event: 23.414 Thread 0x0000022cff7611d0 Exception <a 'java/lang/NoSuchMethodError'{0x00000000a4e5ea20}: 'java.lang.Object java.lang.invoke.DirectMethodHandle$Holder.newInvokeSpecial(java.lang.Object, java.lang.Object, int, java.lang.Object, int, java.lang.Object, java.lang.Object)'> (0x00000000a4e5ea20) 
thrown [s\open\src\hotspot\share\interpreter\linkResolver.cpp, line 773]
Event: 23.424 Thread 0x0000022cff7611d0 Exception <a 'java/lang/NoSuchMethodError'{0x00000000a4ea9958}: 'java.lang.Object java.lang.invoke.DirectMethodHandle$Holder.newInvokeSpecial(java.lang.Object, java.lang.Object, java.lang.Object, java.lang.Object, java.lang.Object, java.lang.Object, java.lang.Object, int)'> (0x00000000a4ea9958) 
thrown [s\open\src\hotspot\share\interpreter\linkResolver.cpp, line 773]
Event: 23.425 Thread 0x0000022cff7611d0 Exception <a 'java/lang/NoSuchMethodError'{0x00000000a4eadec8}: 'java.lang.Object java.lang.invoke.DirectMethodHandle$Holder.invokeSpecial(java.lang.Object, java.lang.Object, java.lang.Object, java.lang.Object, java.lang.Object, java.lang.Object, java.lang.Object, java.lang.Object, int)'> (0x00000000a4eadec8) 
thrown [s\open\src\hotspot\share\interpreter\linkResolver.cpp, line 773]
Event: 23.425 Thread 0x0000022cff7611d0 Exception <a 'java/lang/NoSuchMethodError'{0x00000000a4eb1ef0}: 'java.lang.Object java.lang.invoke.Invokers$Holder.linkToTargetMethod(java.lang.Object, java.lang.Object, java.lang.Object, java.lang.Object, java.lang.Object, java.lang.Object, int, java.lang.Object)'> (0x00000000a4eb1ef0) 
thrown [s\open\src\hotspot\share\interpreter\linkResolver.cpp, line 773]
Event: 24.594 Thread 0x0000022cff7611d0 Exception <a 'java/lang/NoSuchMethodError'{0x00000000a7a97300}: 'java.lang.Object java.lang.invoke.DirectMethodHandle$Holder.invokeSpecial(java.lang.Object, java.lang.Object, int, java.lang.Object, int)'> (0x00000000a7a97300) 
thrown [s\open\src\hotspot\share\interpreter\linkResolver.cpp, line 773]
Event: 25.165 Thread 0x0000022cff7611d0 Exception <a 'java/lang/NoSuchMethodError'{0x00000000a57b22b0}: 'void java.lang.invoke.Invokers$Holder.invokeExact_MT(java.lang.Object, java.lang.Object, java.lang.Object, java.lang.Object)'> (0x00000000a57b22b0) 
thrown [s\open\src\hotspot\share\interpreter\linkResolver.cpp, line 773]
Event: 25.566 Thread 0x0000022cff7611d0 Exception <a 'java/lang/IncompatibleClassChangeError'{0x00000000a5170c40}: Found class java.lang.Object, but interface was expected> (0x00000000a5170c40) 
thrown [s\open\src\hotspot\share\interpreter\linkResolver.cpp, line 840]
Event: 25.724 Thread 0x0000022cff7611d0 Exception <a 'java/lang/IncompatibleClassChangeError'{0x00000000a4f78af0}: Found class java.lang.Object, but interface was expected> (0x00000000a4f78af0) 
thrown [s\open\src\hotspot\share\interpreter\linkResolver.cpp, line 840]
Event: 26.734 Thread 0x0000022cff7611d0 Exception <a 'java/lang/IncompatibleClassChangeError'{0x00000000a7b14e48}: Found class java.lang.Object, but interface was expected> (0x00000000a7b14e48) 
thrown [s\open\src\hotspot\share\interpreter\linkResolver.cpp, line 840]
Event: 27.367 Thread 0x0000022cff7611d0 Exception <a 'java/lang/IncompatibleClassChangeError'{0x00000000a5b07b98}: Found class java.lang.Object, but interface was expected> (0x00000000a5b07b98) 
thrown [s\open\src\hotspot\share\interpreter\linkResolver.cpp, line 840]
Event: 27.369 Thread 0x0000022cff7611d0 Exception <a 'java/lang/IncompatibleClassChangeError'{0x00000000a5b0d358}: Found class java.lang.Object, but interface was expected> (0x00000000a5b0d358) 
thrown [s\open\src\hotspot\share\interpreter\linkResolver.cpp, line 840]
Event: 27.530 Thread 0x0000022cff7611d0 Exception <a 'java/lang/NoSuchMethodError'{0x00000000a5abf890}: 'java.lang.Object java.lang.invoke.DirectMethodHandle$Holder.invokeStatic(java.lang.Object, int, java.lang.Object)'> (0x00000000a5abf890) 
thrown [s\open\src\hotspot\share\interpreter\linkResolver.cpp, line 773]
Event: 27.660 Thread 0x0000022cff7611d0 Exception <a 'java/lang/NoSuchMethodError'{0x00000000a569add8}: 'void java.lang.invoke.DelegatingMethodHandle$Holder.reinvoke_L(java.lang.Object, java.lang.Object, long)'> (0x00000000a569add8) 
thrown [s\open\src\hotspot\share\interpreter\linkResolver.cpp, line 773]

ZGC Phase Switch (0 events):
No events

VM Operations (20 events):
Event: 29.031 Executing VM operation: G1CollectForAllocation (G1 Evacuation Pause) done
Event: 29.134 Executing VM operation: G1CollectForAllocation (G1 Evacuation Pause)
Event: 29.138 Executing VM operation: G1CollectForAllocation (G1 Evacuation Pause) done
Event: 29.313 Executing VM operation: HandshakeAllThreads (Deoptimize)
Event: 29.313 Executing VM operation: HandshakeAllThreads (Deoptimize) done
Event: 29.417 Executing VM operation: G1CollectForAllocation (G1 Evacuation Pause)
Event: 29.421 Executing VM operation: G1CollectForAllocation (G1 Evacuation Pause) done
Event: 29.584 Executing VM operation: G1CollectForAllocation (G1 Evacuation Pause)
Event: 29.588 Executing VM operation: G1CollectForAllocation (G1 Evacuation Pause) done
Event: 29.610 Executing VM operation: G1CollectForAllocation (G1 Evacuation Pause)
Event: 30.619 Executing VM operation: G1CollectForAllocation (G1 Evacuation Pause) done
Event: 30.654 Executing VM operation: HandshakeAllThreads (Deoptimize)
Event: 30.654 Executing VM operation: HandshakeAllThreads (Deoptimize) done
Event: 30.672 Executing VM operation: G1CollectForAllocation (G1 Evacuation Pause)
Event: 30.675 Executing VM operation: G1CollectForAllocation (G1 Evacuation Pause) done
Event: 30.720 Executing VM operation: G1CollectForAllocation (G1 Evacuation Pause)
Event: 30.724 Executing VM operation: G1CollectForAllocation (G1 Evacuation Pause) done
Event: 30.761 Executing VM operation: G1CollectForAllocation (G1 Evacuation Pause)
Event: 30.766 Executing VM operation: G1CollectForAllocation (G1 Evacuation Pause) done
Event: 30.798 Executing VM operation: G1CollectForAllocation (G1 Evacuation Pause)

Events (20 events):
Event: 26.833 Thread 0x0000022cb97d9aa0 flushing nmethod 0x0000022cb1edfa10
Event: 26.833 Thread 0x0000022cb97d9aa0 flushing nmethod 0x0000022cb1eefe10
Event: 26.833 Thread 0x0000022cb97d9aa0 flushing nmethod 0x0000022cb1efaa90
Event: 26.833 Thread 0x0000022cb97d9aa0 flushing nmethod 0x0000022cb1efb110
Event: 26.833 Thread 0x0000022cb97d9aa0 flushing nmethod 0x0000022cb1f08d10
Event: 26.833 Thread 0x0000022cb97d9aa0 flushing nmethod 0x0000022cb1f0a710
Event: 26.833 Thread 0x0000022cb97d9aa0 flushing nmethod 0x0000022cb1f0bc10
Event: 26.833 Thread 0x0000022cb97d9aa0 flushing nmethod 0x0000022cb1f0c410
Event: 26.833 Thread 0x0000022cb97d9aa0 flushing nmethod 0x0000022cb21d1b90
Event: 26.833 Thread 0x0000022cb97d9aa0 flushing nmethod 0x0000022cb23afb90
Event: 26.833 Thread 0x0000022cb97d9aa0 flushing nmethod 0x0000022cb23b3710
Event: 26.856 Thread 0x0000022c82c61610 Thread added: 0x0000022c82c61610
Event: 26.962 Thread 0x0000022c82c61610 Thread exited: 0x0000022c82c61610
Event: 27.465 Thread 0x0000022c81d99320 Thread added: 0x0000022c81d99320
Event: 29.036 Thread 0x0000022c81d99320 Thread exited: 0x0000022c81d99320
Event: 29.542 Thread 0x0000022c82e413d0 Thread added: 0x0000022c82e413d0
Event: 29.555 Thread 0x0000022c82e413d0 Thread exited: 0x0000022c82e413d0
Event: 30.619 Thread 0x0000022c82ecc4e0 Thread added: 0x0000022c82ecc4e0
Event: 30.621 Thread 0x0000022c81a5f3b0 Thread exited: 0x0000022c81a5f3b0
Event: 30.629 Thread 0x0000022c82ecc4e0 Thread exited: 0x0000022c82ecc4e0


Dynamic libraries:
0x00007ff60cbd0000 - 0x00007ff60cbe0000 	C:\Program Files\Java\jdk-21\bin\java.exe
0x00007ffc9af80000 - 0x00007ffc9b1e6000 	C:\WINDOWS\SYSTEM32\ntdll.dll
0x00007ffc98d40000 - 0x00007ffc98e09000 	C:\WINDOWS\System32\KERNEL32.DLL
0x00007ffc988d0000 - 0x00007ffc98c9c000 	C:\WINDOWS\System32\KERNELBASE.dll
0x00007ffc98110000 - 0x00007ffc9825b000 	C:\WINDOWS\System32\ucrtbase.dll
0x00007ffc90140000 - 0x00007ffc90159000 	C:\Program Files\Java\jdk-21\bin\jli.dll
0x00007ffc9a520000 - 0x00007ffc9a5d2000 	C:\WINDOWS\System32\ADVAPI32.dll
0x00007ffc99660000 - 0x00007ffc99709000 	C:\WINDOWS\System32\msvcrt.dll
0x00007ffc9a5f0000 - 0x00007ffc9a696000 	C:\WINDOWS\System32\sechost.dll
0x00007ffc98f80000 - 0x00007ffc99096000 	C:\WINDOWS\System32\RPCRT4.dll
0x00007ffc99710000 - 0x00007ffc998da000 	C:\WINDOWS\System32\USER32.dll
0x00007ffc98260000 - 0x00007ffc98287000 	C:\WINDOWS\System32\win32u.dll
0x00007ffc99a30000 - 0x00007ffc99a5b000 	C:\WINDOWS\System32\GDI32.dll
0x00007ffc98560000 - 0x00007ffc98692000 	C:\WINDOWS\System32\gdi32full.dll
0x00007ffc986a0000 - 0x00007ffc98743000 	C:\WINDOWS\System32\msvcp_win.dll
0x00007ffc90160000 - 0x00007ffc9017b000 	C:\Program Files\Java\jdk-21\bin\VCRUNTIME140.dll
0x00007ffc77900000 - 0x00007ffc77b9a000 	C:\WINDOWS\WinSxS\amd64_microsoft.windows.common-controls_6595b64144ccf1df_6.0.26100.3912_none_3e07963ce335137e\COMCTL32.dll
0x00007ffc8f360000 - 0x00007ffc8f36b000 	C:\WINDOWS\SYSTEM32\VERSION.dll
0x00007ffc99a70000 - 0x00007ffc99aa0000 	C:\WINDOWS\System32\IMM32.DLL
0x00007ffc90130000 - 0x00007ffc9013c000 	C:\Program Files\Java\jdk-21\bin\vcruntime140_1.dll
0x00007ffc900a0000 - 0x00007ffc9012e000 	C:\Program Files\Java\jdk-21\bin\msvcp140.dll
0x00007ffc31890000 - 0x00007ffc325aa000 	C:\Program Files\Java\jdk-21\bin\server\jvm.dll
0x00007ffc9a3f0000 - 0x00007ffc9a464000 	C:\WINDOWS\System32\WS2_32.dll
0x00007ffc97f80000 - 0x00007ffc97fde000 	C:\WINDOWS\SYSTEM32\POWRPROF.dll
0x00007ffc8e230000 - 0x00007ffc8e266000 	C:\WINDOWS\SYSTEM32\WINMM.dll
0x00007ffc97f60000 - 0x00007ffc97f74000 	C:\WINDOWS\SYSTEM32\UMPDC.dll
0x00007ffc96ed0000 - 0x00007ffc96eea000 	C:\WINDOWS\SYSTEM32\kernel.appcore.dll
0x00007ffc90090000 - 0x00007ffc9009a000 	C:\Program Files\Java\jdk-21\bin\jimage.dll
0x00007ffc8f0e0000 - 0x00007ffc8f321000 	C:\WINDOWS\SYSTEM32\DBGHELP.DLL
0x00007ffc99120000 - 0x00007ffc994a4000 	C:\WINDOWS\System32\combase.dll
0x00007ffc99940000 - 0x00007ffc99a20000 	C:\WINDOWS\System32\OLEAUT32.dll
0x00007ffc82940000 - 0x00007ffc82979000 	C:\WINDOWS\SYSTEM32\dbgcore.DLL
0x00007ffc98ca0000 - 0x00007ffc98d39000 	C:\WINDOWS\System32\bcryptPrimitives.dll
0x00007ffc861e0000 - 0x00007ffc861ef000 	C:\Program Files\Java\jdk-21\bin\instrument.dll
0x00007ffc90070000 - 0x00007ffc9008f000 	C:\Program Files\Java\jdk-21\bin\java.dll
0x00007ffc99cc0000 - 0x00007ffc9a3ed000 	C:\WINDOWS\System32\SHELL32.dll
0x00007ffc98750000 - 0x00007ffc988c4000 	C:\WINDOWS\System32\wintypes.dll
0x00007ffc95d70000 - 0x00007ffc965c6000 	C:\WINDOWS\SYSTEM32\windows.storage.dll
0x00007ffc9a6a0000 - 0x00007ffc9a78f000 	C:\WINDOWS\System32\SHCORE.dll
0x00007ffc994b0000 - 0x00007ffc99519000 	C:\WINDOWS\System32\shlwapi.dll
0x00007ffc98020000 - 0x00007ffc9804f000 	C:\WINDOWS\SYSTEM32\profapi.dll
0x00007ffc8ffa0000 - 0x00007ffc8ffb8000 	C:\Program Files\Java\jdk-21\bin\zip.dll
0x00007ffc90060000 - 0x00007ffc90070000 	C:\Program Files\Java\jdk-21\bin\net.dll
0x00007ffc8e6f0000 - 0x00007ffc8e80e000 	C:\WINDOWS\SYSTEM32\WINHTTP.dll
0x00007ffc97440000 - 0x00007ffc974aa000 	C:\WINDOWS\system32\mswsock.dll
0x00007ffc90040000 - 0x00007ffc90056000 	C:\Program Files\Java\jdk-21\bin\nio.dll
0x00007ffc8ff90000 - 0x00007ffc8ff99000 	C:\Program Files\Java\jdk-21\bin\extnet.dll
0x00007ffc96950000 - 0x00007ffc96a77000 	C:\WINDOWS\SYSTEM32\DNSAPI.dll
0x00007ffc968c0000 - 0x00007ffc968f3000 	C:\WINDOWS\SYSTEM32\IPHLPAPI.DLL
0x00007ffc99cb0000 - 0x00007ffc99cba000 	C:\WINDOWS\System32\NSI.dll
0x00007ffc87730000 - 0x00007ffc8773b000 	C:\Windows\System32\rasadhlp.dll
0x00007ffc8b3f0000 - 0x00007ffc8b476000 	C:\WINDOWS\System32\fwpuclnt.dll
0x00007ffc87a90000 - 0x00007ffc87a9a000 	C:\Program Files\Java\jdk-21\bin\management.dll
0x00007ffc86440000 - 0x00007ffc8644b000 	C:\Program Files\Java\jdk-21\bin\management_ext.dll
0x00007ffc9ac50000 - 0x00007ffc9ac58000 	C:\WINDOWS\System32\PSAPI.DLL
0x00007ffc976e0000 - 0x00007ffc976fc000 	C:\WINDOWS\SYSTEM32\CRYPTSP.dll
0x00007ffc96e30000 - 0x00007ffc96e6a000 	C:\WINDOWS\system32\rsaenh.dll
0x00007ffc974e0000 - 0x00007ffc9750b000 	C:\WINDOWS\SYSTEM32\USERENV.dll
0x00007ffc97ff0000 - 0x00007ffc98016000 	C:\WINDOWS\SYSTEM32\bcrypt.dll
0x00007ffc97700000 - 0x00007ffc9770c000 	C:\WINDOWS\SYSTEM32\CRYPTBASE.dll
0x00007ffc7f7f0000 - 0x00007ffc7f808000 	C:\WINDOWS\system32\napinsp.dll
0x00007ffc7f0c0000 - 0x00007ffc7f0d2000 	C:\WINDOWS\System32\winrnr.dll
0x00007ffc7f080000 - 0x00007ffc7f0b0000 	C:\WINDOWS\system32\nlansp_c.dll
0x00007ffc8c030000 - 0x00007ffc8c050000 	C:\WINDOWS\system32\wshbth.dll
0x00007ffc85170000 - 0x00007ffc851be000 	C:\WINDOWS\SYSTEM32\pdh.dll
0x00007ffc90030000 - 0x00007ffc9003e000 	C:\Program Files\Java\jdk-21\bin\sunmscapi.dll
0x00007ffc98290000 - 0x00007ffc98407000 	C:\WINDOWS\System32\CRYPT32.dll
0x00007ffc978f0000 - 0x00007ffc97920000 	C:\WINDOWS\SYSTEM32\ncrypt.dll
0x00007ffc978a0000 - 0x00007ffc978df000 	C:\WINDOWS\SYSTEM32\NTASN1.dll
0x00007ffc7e830000 - 0x00007ffc7e842000 	C:\WINDOWS\System32\perfproc.dll
0x00007ffc7e810000 - 0x00007ffc7e821000 	C:\WINDOWS\System32\perfos.dll
0x00007ffc95460000 - 0x00007ffc95472000 	C:\WINDOWS\SYSTEM32\pfclient.dll
0x00007ffc85400000 - 0x00007ffc85410000 	C:\Program Files\Java\jdk-21\bin\verify.dll

dbghelp: loaded successfully - version: 4.0.5 - missing functions: none
symbol engine: initialized successfully - sym options: 0x614 - pdb path: .;C:\Program Files\Java\jdk-21\bin;C:\WINDOWS\SYSTEM32;C:\WINDOWS\WinSxS\amd64_microsoft.windows.common-controls_6595b64144ccf1df_6.0.26100.3912_none_3e07963ce335137e;C:\Program Files\Java\jdk-21\bin\server

VM Arguments:
jvm_args: -XX:TieredStopAtLevel=1 -Dspring.output.ansi.enabled=always -Dcom.sun.management.jmxremote -Dspring.jmx.enabled=true -Dspring.liveBeansView.mbeanDomain -Dspring.application.admin.enabled=true -Dmanagement.endpoints.jmx.exposure.include=* -javaagent:D:\IntelliJ IDEA 2025.1\lib\idea_rt.jar=54084 -Dfile.encoding=UTF-8 -Dsun.stdout.encoding=UTF-8 -Dsun.stderr.encoding=UTF-8 
java_command: com.waterbilling.demo.WaterBillingSystemApplication
java_class_path (initial): C:\Users\sangn\PROJECT\water-billing-management\server\target\classes;C:\Users\sangn\.m2\repository\org\springframework\boot\spring-boot-starter-data-jpa\3.4.3\spring-boot-starter-data-jpa-3.4.3.jar;C:\Users\sangn\.m2\repository\org\springframework\boot\spring-boot-starter\3.4.3\spring-boot-starter-3.4.3.jar;C:\Users\sangn\.m2\repository\org\springframework\boot\spring-boot-starter-logging\3.4.3\spring-boot-starter-logging-3.4.3.jar;C:\Users\sangn\.m2\repository\ch\qos\logback\logback-classic\1.5.16\logback-classic-1.5.16.jar;C:\Users\sangn\.m2\repository\ch\qos\logback\logback-core\1.5.16\logback-core-1.5.16.jar;C:\Users\sangn\.m2\repository\org\apache\logging\log4j\log4j-to-slf4j\2.24.3\log4j-to-slf4j-2.24.3.jar;C:\Users\sangn\.m2\repository\org\apache\logging\log4j\log4j-api\2.24.3\log4j-api-2.24.3.jar;C:\Users\sangn\.m2\repository\org\slf4j\jul-to-slf4j\2.0.16\jul-to-slf4j-2.0.16.jar;C:\Users\sangn\.m2\repository\jakarta\annotation\jakarta.annotation-api\2.1.1\jakarta.annotation-api-2.1.1.jar;C:\Users\sangn\.m2\repository\org\yaml\snakeyaml\2.3\snakeyaml-2.3.jar;C:\Users\sangn\.m2\repository\org\springframework\boot\spring-boot-starter-jdbc\3.4.3\spring-boot-starter-jdbc-3.4.3.jar;C:\Users\sangn\.m2\repository\com\zaxxer\HikariCP\5.1.0\HikariCP-5.1.0.jar;C:\Users\sangn\.m2\repository\org\springframework\spring-jdbc\6.2.3\spring-jdbc-6.2.3.jar;C:\Users\sangn\.m2\repository\org\hibernate\orm\hibernate-core\6.6.8.Final\hibernate-core-6.6.8.Final.jar;C:\Users\sangn\.m2\repository\jakarta\persistence\jakarta.persistence-api\3.1.0\jakarta.persistence-api-3.1.0.jar;C:\Users\sangn\.m2\repository\jakarta\transaction\jakarta.transaction-api\2.0.1\jakarta.transaction-api-2.0.1.jar;C:\Users\sangn\.m2\repository\org\hibernate\common\hibernate-commons-annotations\7.0.3.Final\hibernate-commons-annotations-7.0.3.Final.jar;C:\Users\sangn\.m2\repository\io\smallrye\jandex\3.2.0\jandex-3.2.0.jar;C:\Users\sangn\.m2\repository\net\bytebuddy\byte-buddy\1.15.11\byte-buddy-1.15.11.jar;C:\Users\sangn\.m2\repository\org\glassfish\jaxb\jaxb-runtime\4.0.5\jaxb-runtime-4.0.5.jar;C:\Users\sangn\.m2\repository\org\glassfish\jaxb\jaxb-core\4.0.5\jaxb-core-4.0.5.jar;C:\Users\sangn\.m2\repository\org\glassfish\jaxb\txw2\4.0.5\txw2-4.0.5.jar;C:\Users\sangn\.m2\repository\com\sun\istack\istack-commons-runtime\4.1.2\istack-commons-runtime-4.1.2.jar;C:\Users\sangn\.m2\repository\jakarta\inject\jakarta.inject-api\2.0.1\jakarta.inject-api-2.0.1.jar;C:\Users\sangn\.m2\repository\org\antlr\antlr4-runtime\4.13.0\antlr4-runtime-4.13.0.jar;C:\Users\sangn\.m2\repository\org\springframework\data\spring-data-jpa\3.4.3\spring-data-jpa-3.4.3.jar;C:\Users\sangn\.m2\repository\org\springframework\data\spring-data-commons\3.4.3\spring-data-commons-3.4.3.jar;C:\Users\sangn\.m2\repository\org\springframework\spring-orm\6.2.3\spring-orm-6.2.3.jar;C:\Users\sangn\.m2\repository\org\springframework\spring-context\6.2.3\spring-context-6.2.3.jar;C:\Users\sangn\.m2\repository\org\springframework\spring-tx\6.2.3\spring-tx-6.2.3.jar;C:\Users\sangn\.m2\repository\org\springframework\spring-beans\6.2.3\spring-beans-6.2.3.jar;C:\Users\sangn\.m2\repository\org\slf4j\slf4j-api\2.0.16\slf4j-api-2.0.16.jar;C:\Users\sangn\.m2\repository\org\springframework\spring-aspects\6.2.3\spring-aspects-6.2.3.jar;C:\Users\sangn\.m2\repository\org\aspectj\aspectjweaver\1.9.22.1\aspectjweaver-1.9.22.1.jar;C:\Users\sangn\.m2\repository\org\springframework\boot\spring-boot-starter-web\3.4.3\spring-boot-starter-web-3.4.3.jar;C:\Users\sangn\.m2\repository\org\springframework\boot\spring-boot-starter-json\3.4.3\spring-boot-starter-json-3.4.3.jar;C:\Users\sangn\.m2\repository\com\fasterxml\jackson\core\jackson-databind\2.18.2\jackson-databind-2.18.2.jar;C:\Users\sangn\.m2\repository\com\fasterxml\jackson\core\jackson-annotations\2.18.2\jackson-annotations-2.18.2.jar;C:\Users\sangn\.m2\repository\com\fasterxml\jackson\core\jackson-core\2.18.2\jackson-core-2.18.2.jar;C:\Users\sangn\.m2\repository\com\fasterxml\jackson\datatype\jackson-datatype-jdk8\2.18.2\jackson-datatype-jdk8-2.18.2.jar;C:\Users\sangn\.m2\repository\com\fasterxml\jackson\datatype\jackson-datatype-jsr310\2.18.2\jackson-datatype-jsr310-2.18.2.jar;C:\Users\sangn\.m2\repository\com\fasterxml\jackson\module\jackson-module-parameter-names\2.18.2\jackson-module-parameter-names-2.18.2.jar;C:\Users\sangn\.m2\repository\org\springframework\boot\spring-boot-starter-tomcat\3.4.3\spring-boot-starter-tomcat-3.4.3.jar;C:\Users\sangn\.m2\repository\org\apache\tomcat\embed\tomcat-embed-core\10.1.36\tomcat-embed-core-10.1.36.jar;C:\Users\sangn\.m2\repository\org\apache\tomcat\embed\tomcat-embed-el\10.1.36\tomcat-embed-el-10.1.36.jar;C:\Users\sangn\.m2\repository\org\apache\tomcat\embed\tomcat-embed-websocket\10.1.36\tomcat-embed-websocket-10.1.36.jar;C:\Users\sangn\.m2\repository\org\springframework\spring-web\6.2.3\spring-web-6.2.3.jar;C:\Users\sangn\.m2\repository\io\micrometer\micrometer-observation\1.14.4\micrometer-observation-1.14.4.jar;C:\Users\sangn\.m2\repository\io\micrometer\micrometer-commons\1.14.4\micrometer-commons-1.14.4.jar;C:\Users\sangn\.m2\repository\org\springframework\spring-webmvc\6.2.3\spring-webmvc-6.2.3.jar;C:\Users\sangn\.m2\repository\org\springframework\spring-expression\6.2.3\spring-expression-6.2.3.jar;C:\Users\sangn\.m2\repository\com\itextpdf\barcodes\7.2.5\barcodes-7.2.5.jar;C:\Users\sangn\.m2\repository\com\itextpdf\font-asian\7.2.5\font-asian-7.2.5.jar;C:\Users\sangn\.m2\repository\com\itextpdf\forms\7.2.5\forms-7.2.5.jar;C:\Users\sangn\.m2\repository\com\itextpdf\hyph\7.2.5\hyph-7.2.5.jar;C:\Users\sangn\.m2\repository\com\itextpdf\io\7.2.5\io-7.2.5.jar;C:\Users\sangn\.m2\repository\com\itextpdf\commons\7.2.5\commons-7.2.5.jar;C:\Users\sangn\.m2\repository\com\itextpdf\kernel\7.2.5\kernel-7.2.5.jar;C:\Users\sangn\.m2\repository\org\bouncycastle\bcpkix-jdk15on\1.70\bcpkix-jdk15on-1.70.jar;C:\Users\sangn\.m2\repository\org\bouncycastle\bcutil-jdk15on\1.70\bcutil-jdk15on-1.70.jar;C:\Users\sangn\.m2\repository\org\bouncycastle\bcprov-jdk15on\1.70\bcprov-jdk15on-1.70.jar;C:\Users\sangn\.m2\repository\com\itextpdf\layout\7.2.5\layout-7.2.5.jar;C:\Users\sangn\.m2\repository\com\itextpdf\pdfa\7.2.5\pdfa-7.2.5.jar;C:\Users\sangn\.m2\repository\com\itextpdf\sign\7.2.5\sign-7.2.5.jar;C:\Users\sangn\.m2\repository\com\itextpdf\styled-xml-parser\7.2.5\styled-xml-parser-7.2.5.jar;C:\Users\sangn\.m2\repository\com\itextpdf\svg\7.2.5\svg-7.2.5.jar;C:\Users\sangn\.m2\repository\org\springframework\boot\spring-boot-devtools\3.4.3\spring-boot-devtools-3.4.3.jar;C:\Users\sangn\.m2\repository\org\springframework\boot\spring-boot\3.4.3\spring-boot-3.4.3.jar;C:\Users\sangn\.m2\repository\org\springframework\boot\spring-boot-autoconfigure\3.4.3\spring-boot-autoconfigure-3.4.3.jar;C:\Users\sangn\.m2\repository\com\mysql\mysql-connector-j\9.1.0\mysql-connector-j-9.1.0.jar;C:\Users\sangn\.m2\repository\org\modelmapper\modelmapper\3.2.0\modelmapper-3.2.0.jar;C:\Users\sangn\.m2\repository\jakarta\xml\bind\jakarta.xml.bind-api\4.0.2\jakarta.xml.bind-api-4.0.2.jar;C:\Users\sangn\.m2\repository\jakarta\activation\jakarta.activation-api\2.1.3\jakarta.activation-api-2.1.3.jar;C:\Users\sangn\.m2\repository\org\springframework\spring-core\6.2.3\spring-core-6.2.3.jar;C:\Users\sangn\.m2\repository\org\springframework\spring-jcl\6.2.3\spring-jcl-6.2.3.jar;C:\Users\sangn\.m2\repository\org\springframework\boot\spring-boot-starter-security\3.4.3\spring-boot-starter-security-3.4.3.jar;C:\Users\sangn\.m2\repository\org\springframework\spring-aop\6.2.3\spring-aop-6.2.3.jar;C:\Users\sangn\.m2\repository\org\springframework\security\spring-security-config\6.4.3\spring-security-config-6.4.3.jar;C:\Users\sangn\.m2\repository\org\springframework\security\spring-security-web\6.4.3\spring-security-web-6.4.3.jar;C:\Users\sangn\.m2\repository\org\springframework\boot\spring-boot-starter-oauth2-resource-server\3.4.3\spring-boot-starter-oauth2-resource-server-3.4.3.jar;C:\Users\sangn\.m2\repository\org\springframework\security\spring-security-core\6.4.3\spring-security-core-6.4.3.jar;C:\Users\sangn\.m2\repository\org\springframework\security\spring-security-crypto\6.4.3\spring-security-crypto-6.4.3.jar;C:\Users\sangn\.m2\repository\org\springframework\security\spring-security-oauth2-resource-server\6.4.3\spring-security-oauth2-resource-server-6.4.3.jar;C:\Users\sangn\.m2\repository\org\springframework\security\spring-security-oauth2-core\6.4.3\spring-security-oauth2-core-6.4.3.jar;C:\Users\sangn\.m2\repository\org\springframework\security\spring-security-oauth2-jose\6.4.3\spring-security-oauth2-jose-6.4.3.jar;C:\Users\sangn\.m2\repository\com\nimbusds\nimbus-jose-jwt\9.37.3\nimbus-jose-jwt-9.37.3.jar;C:\Users\sangn\.m2\repository\com\github\stephenc\jcip\jcip-annotations\1.0-1\jcip-annotations-1.0-1.jar;C:\Users\sangn\.m2\repository\jakarta\validation\jakarta.validation-api\3.0.2\jakarta.validation-api-3.0.2.jar;C:\Users\sangn\.m2\repository\org\hibernate\validator\hibernate-validator\8.0.1.Final\hibernate-validator-8.0.1.Final.jar;C:\Users\sangn\.m2\repository\org\jboss\logging\jboss-logging\3.6.1.Final\jboss-logging-3.6.1.Final.jar;C:\Users\sangn\.m2\repository\com\fasterxml\classmate\1.7.0\classmate-1.7.0.jar;C:\Users\sangn\.m2\repository\org\projectlombok\lombok\1.18.36\lombok-1.18.36.jar;C:\Users\sangn\.m2\repository\org\mapstruct\mapstruct\1.5.5.Final\mapstruct-1.5.5.Final.jar;C:\Users\sangn\.m2\repository\org\mapstruct\mapstruct-processor\1.5.5.Final\mapstruct-processor-1.5.5.Final.jar;C:\Users\sangn\.m2\repository\org\springframework\boot\spring-boot-starter-mail\3.4.3\spring-boot-starter-mail-3.4.3.jar;C:\Users\sangn\.m2\repository\org\springframework\spring-context-support\6.2.3\spring-context-support-6.2.3.jar;C:\Users\sangn\.m2\repository\org\eclipse\angus\jakarta.mail\2.0.3\jakarta.mail-2.0.3.jar;C:\Users\sangn\.m2\repository\org\eclipse\angus\angus-activation\2.0.2\angus-activation-2.0.2.jar
Launcher Type: SUN_STANDARD

[Global flags]
     intx CICompilerCount                          = 4                                         {product} {ergonomic}
     uint ConcGCThreads                            = 2                                         {product} {ergonomic}
     uint G1ConcRefinementThreads                  = 8                                         {product} {ergonomic}
   size_t G1HeapRegionSize                         = 1048576                                   {product} {ergonomic}
    uintx GCDrainStackTargetSize                   = 64                                        {product} {ergonomic}
   size_t InitialHeapSize                          = 100663296                                 {product} {ergonomic}
     bool ManagementServer                         = true                                      {product} {command line}
   size_t MarkStackSize                            = 4194304                                   {product} {ergonomic}
   size_t MaxHeapSize                              = 1581252608                                {product} {ergonomic}
   size_t MaxNewSize                               = 947912704                                 {product} {ergonomic}
   size_t MinHeapDeltaBytes                        = 1048576                                   {product} {ergonomic}
   size_t MinHeapSize                              = 8388608                                   {product} {ergonomic}
    uintx NonNMethodCodeHeapSize                   = 4096                                   {pd product} {ergonomic}
    uintx NonProfiledCodeHeapSize                  = 0                                      {pd product} {ergonomic}
     bool ProfileInterpreter                       = false                                  {pd product} {command line}
    uintx ProfiledCodeHeapSize                     = 0                                      {pd product} {ergonomic}
   size_t SoftMaxHeapSize                          = 1581252608                             {manageable} {ergonomic}
     intx TieredStopAtLevel                        = 1                                         {product} {command line}
     bool UseCompressedOops                        = true                           {product lp64_product} {ergonomic}
     bool UseG1GC                                  = true                                      {product} {ergonomic}
     bool UseLargePagesIndividualAllocation        = false                                  {pd product} {ergonomic}

Logging:
Log output configuration:
 #0: stdout all=warning uptime,level,tags foldmultilines=false
 #1: stderr all=off uptime,level,tags foldmultilines=false

Environment Variables:
PATH=C:\Program Files\Common Files\Oracle\Java\javapath;C:\WINDOWS\system32;C:\WINDOWS;C:\WINDOWS\System32\Wbem;C:\WINDOWS\System32\WindowsPowerShell\v1.0\;C:\WINDOWS\System32\OpenSSH\;C:\Program Files\Cloudflare\Cloudflare WARP\;C:\Program Files\OpenSSL-Win64\bin;C:\Program Files\Git\cmd;C:\Program Files\Git\bin;C:\Program Files\Docker\Docker\resources\bin;C:\Program Files\nodejs\;C:\Users\user\AppData\Local\Programs\oh-my-posh\bin;C:\Program Files\MySQL\MySQL Server 9.2\bin;C:\Users\sangn\AppData\Local\Programs\Python\Python313\Scripts\;C:\Users\sangn\AppData\Local\Programs\Python\Python313\;C:\Users\sangn\AppData\Local\Programs\Python\Launcher\;C:\Users\sangn\AppData\Local\Programs\oh-my-posh\bin\;C:\Users\sangn\AppData\Local\Microsoft\WindowsApps;C:\Users\sangn\AppData\Local\Programs\Microsoft VS Code\bin;C:\Users\sangn\AppData\Roaming\npm;D:\PyCharm 2025.1\bin;;D:\DataGrip 2025.1\bin;;D:\IntelliJ IDEA 2025.1\bin;;D:\WebStorm 2025.1\bin;;C:\Program Files\MySQL\MySQL Server 9.2\bin;
USERNAME=sangn
OS=Windows_NT
PROCESSOR_IDENTIFIER=AMD64 Family 23 Model 24 Stepping 1, AuthenticAMD
TMP=C:\Users\sangn\AppData\Local\Temp
TEMP=C:\Users\sangn\AppData\Local\Temp




Periodic native trim disabled

---------------  S Y S T E M  ---------------

OS:
 Windows 11 , 64 bit Build 26100 (10.0.26100.3912)
OS uptime: 1 days 4:13 hours
Hyper-V role detected

CPU: total 8 (initial active 8) (8 cores per cpu, 2 threads per core) family 23 model 24 stepping 1 microcode 0x810810e, cx8, cmov, fxsr, ht, mmx, 3dnowpref, sse, sse2, sse3, ssse3, sse4a, sse4.1, sse4.2, popcnt, lzcnt, tsc, tscinvbit, avx, avx2, aes, clmul, bmi1, bmi2, adx, sha, fma, vzeroupper, clflush, clflushopt, hv, rdtscp, f16c
Processor Information for all 8 processors :
  Max Mhz: 2100, Current Mhz: 2100, Mhz Limit: 2100

Memory: 4k page, system-wide physical 6030M (478M free)
TotalPageFile size 20133M (AvailPageFile size 11M)
current process WorkingSet (physical memory assigned to process): 230M, peak: 230M
current process commit charge ("private bytes"): 388M, peak: 728M

vm_info: Java HotSpot(TM) 64-Bit Server VM (21.0.6+8-LTS-188) for windows-amd64 JRE (21.0.6+8-LTS-188), built on 2024-12-03T10:50:54Z by "mach5one" with MS VC++ 17.6 (VS2022)

END.
